This file contains any messages produced by compilers while
running configure, to aid debugging if configure makes a mistake.

It was created by GNU APL configure 1.8, which was
generated by GNU Autoconf 2.69.  Invocation command line was

  $ ./configure --enable-maintainer-mode DEVELOP_WANTED=yes

## --------- ##
## Platform. ##
## --------- ##

hostname = server68
uname -m = x86_64
uname -r = 4.15.0-123-generic
uname -s = Linux
uname -v = #126-Ubuntu SMP Wed Oct 21 09:40:11 UTC 2020

/usr/bin/uname -p = unknown
/bin/uname -X     = unknown

/bin/arch              = unknown
/usr/bin/arch -k       = unknown
/usr/convex/getsysinfo = unknown
/usr/bin/hostinfo      = unknown
/bin/machine           = unknown
/usr/bin/oslevel       = unknown
/bin/universe          = unknown

PATH: /home/eedjsa/.nvm/versions/node/v12.15.0/bin
PATH: /home/eedjsa/bin
PATH: /usr/local/sbin
PATH: /usr/local/bin
PATH: /usr/sbin
PATH: /usr/bin
PATH: /sbin
PATH: /bin
PATH: /usr/games
PATH: /usr/local/games
PATH: /snap/bin


## ----------- ##
## Core tests. ##
## ----------- ##

configure:3009: checking for gcc
configure:3025: found /usr/local/bin/gcc
configure:3036: result: gcc
configure:3265: checking for C compiler version
configure:3274: gcc --version >&5
gcc (GCC) 11.0.0 20200502 (experimental)
Copyright (C) 2020 Free Software Foundation, Inc.
This is free software; see the source for copying conditions.  There is NO
warranty; not even for MERCHANTABILITY or FITNESS FOR A PARTICULAR PURPOSE.

configure:3285: $? = 0
configure:3274: gcc -v >&5
Using built-in specs.
COLLECT_GCC=gcc
COLLECT_LTO_WRAPPER=/usr/local/libexec/gcc/x86_64-pc-linux-gnu/11.0.0/lto-wrapper
Target: x86_64-pc-linux-gnu
Configured with: ../gcc-master/configure
Thread model: posix
Supported LTO compression algorithms: zlib
gcc version 11.0.0 20200502 (experimental) (GCC) 
configure:3285: $? = 0
configure:3274: gcc -V >&5
gcc: error: unrecognized command-line option '-V'
gcc: fatal error: no input files
compilation terminated.
configure:3285: $? = 1
configure:3274: gcc -qversion >&5
gcc: error: unrecognized command-line option '-qversion'; did you mean '--version'?
gcc: fatal error: no input files
compilation terminated.
configure:3285: $? = 1
configure:3305: checking whether the C compiler works
configure:3327: gcc    conftest.c  >&5
configure:3331: $? = 0
configure:3379: result: yes
configure:3382: checking for C compiler default output file name
configure:3384: result: a.out
configure:3390: checking for suffix of executables
configure:3397: gcc -o conftest    conftest.c  >&5
configure:3401: $? = 0
configure:3423: result: 
configure:3445: checking whether we are cross compiling
configure:3453: gcc -o conftest    conftest.c  >&5
configure:3457: $? = 0
configure:3464: ./conftest
configure:3468: $? = 0
configure:3483: result: no
configure:3488: checking for suffix of object files
configure:3510: gcc -c   conftest.c >&5
configure:3514: $? = 0
configure:3535: result: o
configure:3539: checking whether we are using the GNU C compiler
configure:3558: gcc -c   conftest.c >&5
configure:3558: $? = 0
configure:3567: result: yes
configure:3576: checking whether gcc accepts -g
configure:3596: gcc -c -g  conftest.c >&5
configure:3596: $? = 0
configure:3637: result: yes
configure:3654: checking for gcc option to accept ISO C89
configure:3717: gcc  -c -g -O2  conftest.c >&5
configure:3717: $? = 0
configure:3730: result: none needed
configure:3755: checking whether gcc understands -c and -o together
configure:3777: gcc -c conftest.c -o conftest2.o
configure:3780: $? = 0
configure:3777: gcc -c conftest.c -o conftest2.o
configure:3780: $? = 0
configure:3792: result: yes
configure:3815: checking how to run the C preprocessor
configure:3846: gcc -E  conftest.c
configure:3846: $? = 0
configure:3860: gcc -E  conftest.c
conftest.c:9:10: fatal error: ac_nonexistent.h: No such file or directory
    9 | #include <ac_nonexistent.h>
      |          ^~~~~~~~~~~~~~~~~~
compilation terminated.
configure:3860: $? = 1
configure: failed program was:
| /* confdefs.h */
| #define PACKAGE_NAME "GNU APL"
| #define PACKAGE_TARNAME "apl"
| #define PACKAGE_VERSION "1.8"
| #define PACKAGE_STRING "GNU APL 1.8"
| #define PACKAGE_BUGREPORT "bug-apl@gnu.org"
| #define PACKAGE_URL "http://www.gnu.org/software/apl/"
| /* end confdefs.h.  */
| #include <ac_nonexistent.h>
configure:3885: result: gcc -E
configure:3905: gcc -E  conftest.c
configure:3905: $? = 0
configure:3919: gcc -E  conftest.c
conftest.c:9:10: fatal error: ac_nonexistent.h: No such file or directory
    9 | #include <ac_nonexistent.h>
      |          ^~~~~~~~~~~~~~~~~~
compilation terminated.
configure:3919: $? = 1
configure: failed program was:
| /* confdefs.h */
| #define PACKAGE_NAME "GNU APL"
| #define PACKAGE_TARNAME "apl"
| #define PACKAGE_VERSION "1.8"
| #define PACKAGE_STRING "GNU APL 1.8"
| #define PACKAGE_BUGREPORT "bug-apl@gnu.org"
| #define PACKAGE_URL "http://www.gnu.org/software/apl/"
| /* end confdefs.h.  */
| #include <ac_nonexistent.h>
configure:3948: checking for grep that handles long lines and -e
configure:4006: result: /bin/grep
configure:4011: checking for egrep
configure:4073: result: /bin/grep -E
configure:4078: checking for ANSI C header files
configure:4098: gcc -c -g -O2  conftest.c >&5
configure:4098: $? = 0
configure:4171: gcc -o conftest -g -O2   conftest.c  >&5
configure:4171: $? = 0
configure:4171: ./conftest
configure:4171: $? = 0
configure:4182: result: yes
configure:4195: checking for sys/types.h
configure:4195: gcc -c -g -O2  conftest.c >&5
configure:4195: $? = 0
configure:4195: result: yes
configure:4195: checking for sys/stat.h
configure:4195: gcc -c -g -O2  conftest.c >&5
configure:4195: $? = 0
configure:4195: result: yes
configure:4195: checking for stdlib.h
configure:4195: gcc -c -g -O2  conftest.c >&5
configure:4195: $? = 0
configure:4195: result: yes
configure:4195: checking for string.h
configure:4195: gcc -c -g -O2  conftest.c >&5
configure:4195: $? = 0
configure:4195: result: yes
configure:4195: checking for memory.h
configure:4195: gcc -c -g -O2  conftest.c >&5
configure:4195: $? = 0
configure:4195: result: yes
configure:4195: checking for strings.h
configure:4195: gcc -c -g -O2  conftest.c >&5
configure:4195: $? = 0
configure:4195: result: yes
configure:4195: checking for inttypes.h
configure:4195: gcc -c -g -O2  conftest.c >&5
configure:4195: $? = 0
configure:4195: result: yes
configure:4195: checking for stdint.h
configure:4195: gcc -c -g -O2  conftest.c >&5
configure:4195: $? = 0
configure:4195: result: yes
configure:4195: checking for unistd.h
configure:4195: gcc -c -g -O2  conftest.c >&5
configure:4195: $? = 0
configure:4195: result: yes
configure:4208: checking minix/config.h usability
configure:4208: gcc -c -g -O2  conftest.c >&5
conftest.c:52:10: fatal error: minix/config.h: No such file or directory
   52 | #include <minix/config.h>
      |          ^~~~~~~~~~~~~~~~
compilation terminated.
configure:4208: $? = 1
configure: failed program was:
| /* confdefs.h */
| #define PACKAGE_NAME "GNU APL"
| #define PACKAGE_TARNAME "apl"
| #define PACKAGE_VERSION "1.8"
| #define PACKAGE_STRING "GNU APL 1.8"
| #define PACKAGE_BUGREPORT "bug-apl@gnu.org"
| #define PACKAGE_URL "http://www.gnu.org/software/apl/"
| #define STDC_HEADERS 1
| #define HAVE_SYS_TYPES_H 1
| #define HAVE_SYS_STAT_H 1
| #define HAVE_STDLIB_H 1
| #define HAVE_STRING_H 1
| #define HAVE_MEMORY_H 1
| #define HAVE_STRINGS_H 1
| #define HAVE_INTTYPES_H 1
| #define HAVE_STDINT_H 1
| #define HAVE_UNISTD_H 1
| /* end confdefs.h.  */
| #include <stdio.h>
| #ifdef HAVE_SYS_TYPES_H
| # include <sys/types.h>
| #endif
| #ifdef HAVE_SYS_STAT_H
| # include <sys/stat.h>
| #endif
| #ifdef STDC_HEADERS
| # include <stdlib.h>
| # include <stddef.h>
| #else
| # ifdef HAVE_STDLIB_H
| #  include <stdlib.h>
| # endif
| #endif
| #ifdef HAVE_STRING_H
| # if !defined STDC_HEADERS && defined HAVE_MEMORY_H
| #  include <memory.h>
| # endif
| # include <string.h>
| #endif
| #ifdef HAVE_STRINGS_H
| # include <strings.h>
| #endif
| #ifdef HAVE_INTTYPES_H
| # include <inttypes.h>
| #endif
| #ifdef HAVE_STDINT_H
| # include <stdint.h>
| #endif
| #ifdef HAVE_UNISTD_H
| # include <unistd.h>
| #endif
| #include <minix/config.h>
configure:4208: result: no
configure:4208: checking minix/config.h presence
configure:4208: gcc -E  conftest.c
conftest.c:19:10: fatal error: minix/config.h: No such file or directory
   19 | #include <minix/config.h>
      |          ^~~~~~~~~~~~~~~~
compilation terminated.
configure:4208: $? = 1
configure: failed program was:
| /* confdefs.h */
| #define PACKAGE_NAME "GNU APL"
| #define PACKAGE_TARNAME "apl"
| #define PACKAGE_VERSION "1.8"
| #define PACKAGE_STRING "GNU APL 1.8"
| #define PACKAGE_BUGREPORT "bug-apl@gnu.org"
| #define PACKAGE_URL "http://www.gnu.org/software/apl/"
| #define STDC_HEADERS 1
| #define HAVE_SYS_TYPES_H 1
| #define HAVE_SYS_STAT_H 1
| #define HAVE_STDLIB_H 1
| #define HAVE_STRING_H 1
| #define HAVE_MEMORY_H 1
| #define HAVE_STRINGS_H 1
| #define HAVE_INTTYPES_H 1
| #define HAVE_STDINT_H 1
| #define HAVE_UNISTD_H 1
| /* end confdefs.h.  */
| #include <minix/config.h>
configure:4208: result: no
configure:4208: checking for minix/config.h
configure:4208: result: no
configure:4229: checking whether it is safe to define __EXTENSIONS__
configure:4247: gcc -c -g -O2  conftest.c >&5
configure:4247: $? = 0
configure:4254: result: yes
configure:4291: checking for a BSD-compatible install
configure:4359: result: /usr/bin/install -c
configure:4370: checking whether build environment is sane
configure:4425: result: yes
configure:4573: checking for a thread-safe mkdir -p
configure:4612: result: /bin/mkdir -p
configure:4619: checking for gawk
configure:4635: found /usr/bin/gawk
configure:4646: result: gawk
configure:4657: checking whether make sets $(MAKE)
configure:4679: result: yes
configure:4709: checking for style of include used by make
configure:4737: result: GNU
configure:4771: checking whether make supports nested variables
configure:4788: result: yes
configure:4873: checking dependency style of gcc
configure:4984: result: gcc3
configure:5043: checking whether to enable maintainer-specific portions of Makefiles
configure:5052: result: yes
configure:5108: checking build system type
configure:5122: result: x86_64-unknown-linux-gnu
configure:5142: checking host system type
configure:5155: result: x86_64-unknown-linux-gnu
configure:5196: checking how to print strings
configure:5223: result: printf
configure:5244: checking for a sed that does not truncate output
configure:5308: result: /bin/sed
configure:5326: checking for fgrep
configure:5388: result: /bin/grep -F
configure:5423: checking for ld used by gcc
configure:5490: result: /usr/bin/ld
configure:5497: checking if the linker (/usr/bin/ld) is GNU ld
configure:5512: result: yes
configure:5524: checking for BSD- or MS-compatible name lister (nm)
configure:5578: result: /usr/bin/nm -B
configure:5708: checking the name lister (/usr/bin/nm -B) interface
configure:5715:  -c   conftest.cpp >&5
./configure: line 5716: -c: command not found
configure:5718: /usr/bin/nm -B "conftest.o"
/usr/bin/nm: 'conftest.o': No such file
configure:5721: output
configure:5728: result: BSD nm
configure:5731: checking whether ln -s works
configure:5735: result: yes
configure:5743: checking the maximum length of command line arguments
configure:5874: result: 1572864
configure:5922: checking how to convert x86_64-unknown-linux-gnu file names to x86_64-unknown-linux-gnu format
configure:5962: result: func_convert_file_noop
configure:5969: checking how to convert x86_64-unknown-linux-gnu file names to toolchain format
configure:5989: result: func_convert_file_noop
configure:5996: checking for /usr/bin/ld option to reload object files
configure:6003: result: -r
configure:6077: checking for objdump
configure:6093: found /usr/bin/objdump
configure:6104: result: objdump
configure:6136: checking how to recognize dependent libraries
configure:6336: result: pass_all
configure:6421: checking for dlltool
configure:6451: result: no
configure:6481: checking how to associate runtime and link libraries
configure:6508: result: printf %s\n
configure:6577: checking for g++
configure:6593: found /usr/local/bin/g++
configure:6604: result: g++
configure:6631: checking for C++ compiler version
configure:6640: g++ --version >&5
g++ (GCC) 11.0.0 20200502 (experimental)
Copyright (C) 2020 Free Software Foundation, Inc.
This is free software; see the source for copying conditions.  There is NO
warranty; not even for MERCHANTABILITY or FITNESS FOR A PARTICULAR PURPOSE.

configure:6651: $? = 0
configure:6640: g++ -v >&5
Using built-in specs.
COLLECT_GCC=g++
COLLECT_LTO_WRAPPER=/usr/local/libexec/gcc/x86_64-pc-linux-gnu/11.0.0/lto-wrapper
Target: x86_64-pc-linux-gnu
Configured with: ../gcc-master/configure
Thread model: posix
Supported LTO compression algorithms: zlib
gcc version 11.0.0 20200502 (experimental) (GCC) 
configure:6651: $? = 0
configure:6640: g++ -V >&5
g++: error: unrecognized command-line option '-V'
g++: fatal error: no input files
compilation terminated.
configure:6651: $? = 1
configure:6640: g++ -qversion >&5
g++: error: unrecognized command-line option '-qversion'; did you mean '--version'?
g++: fatal error: no input files
compilation terminated.
configure:6651: $? = 1
configure:6655: checking whether we are using the GNU C++ compiler
configure:6674: g++ -c   conftest.cpp >&5
configure:6674: $? = 0
configure:6683: result: yes
configure:6692: checking whether g++ accepts -g
configure:6712: g++ -c -g  conftest.cpp >&5
configure:6712: $? = 0
configure:6753: result: yes
configure:6778: checking dependency style of g++
configure:6889: result: gcc3
configure:6954: checking for ar
configure:6970: found /usr/bin/ar
configure:6981: result: ar
configure:7018: checking for archiver @FILE support
configure:7035: g++ -c -g -O2  conftest.cpp >&5
configure:7035: $? = 0
configure:7038: ar cr libconftest.a @conftest.lst >&5
configure:7041: $? = 0
configure:7046: ar cr libconftest.a @conftest.lst >&5
ar: conftest.o: No such file or directory
configure:7049: $? = 1
configure:7061: result: @
configure:7119: checking for strip
configure:7135: found /usr/bin/strip
configure:7146: result: strip
configure:7218: checking for ranlib
configure:7234: found /usr/bin/ranlib
configure:7245: result: ranlib
configure:7347: checking command to parse /usr/bin/nm -B output from gcc object
configure:7500: g++ -c -g -O2  conftest.cpp >&5
configure:7503: $? = 0
configure:7507: /usr/bin/nm -B conftest.o \| sed -n -e 's/^.*[ ]\([ABCDGIRSTW][ABCDGIRSTW]*\)[ ][ ]*\([_A-Za-z][_A-Za-z0-9]*\)$/\1 \2 \2/p' | sed '/ __gnu_lto/d' \> conftest.nm
configure:7510: $? = 0
configure:7576: g++ -o conftest -g -O2   conftest.cpp conftstm.o >&5
configure:7579: $? = 0
configure:7617: result: ok
configure:7664: checking for sysroot
configure:7694: result: no
configure:7701: checking for a working dd
configure:7739: result: /bin/dd
configure:7743: checking how to truncate binary pipes
configure:7758: result: /bin/dd bs=4096 count=1
configure:7894: g++ -c -g -O2  conftest.cpp >&5
configure:7897: $? = 0
configure:8087: checking for mt
configure:8103: found /bin/mt
configure:8114: result: mt
configure:8137: checking if mt is a manifest tool
configure:8143: mt '-?'
configure:8151: result: no
configure:8825: checking for dlfcn.h
configure:8825: g++ -c -g -O2  conftest.cpp >&5
configure:8825: $? = 0
configure:8825: result: yes
configure:9090: checking for objdir
configure:9105: result: .libs
configure:9369: checking if gcc supports -fno-rtti -fno-exceptions
configure:9387: gcc -c -g -O2  -fno-rtti -fno-exceptions conftest.c >&5
cc1: warning: command-line option '-fno-rtti' is valid for C++/D/ObjC++ but not for C
configure:9391: $? = 0
configure:9404: result: no
configure:9762: checking for gcc option to produce PIC
configure:9769: result: -fPIC -DPIC
configure:9777: checking if gcc PIC flag -fPIC -DPIC works
configure:9795: gcc -c -g -O2  -fPIC -DPIC -DPIC conftest.c >&5
configure:9799: $? = 0
configure:9812: result: yes
configure:9841: checking if gcc static flag -static works
configure:9869: result: yes
configure:9884: checking if gcc supports -c -o file.o
configure:9905: gcc -c -g -O2  -o out/conftest2.o conftest.c >&5
configure:9909: $? = 0
configure:9931: result: yes
configure:9939: checking if gcc supports -c -o file.o
configure:9986: result: yes
configure:10019: checking whether the gcc linker (/usr/bin/ld -m elf_x86_64) supports shared libraries
configure:11282: result: yes
configure:11319: checking whether -lc should be explicitly linked in
configure:11327: gcc -c -g -O2  conftest.c >&5
configure:11330: $? = 0
configure:11345: gcc -shared  -fPIC -DPIC conftest.o  -v -Wl,-soname -Wl,conftest -o conftest 2\>\&1 \| /bin/grep  -lc  \>/dev/null 2\>\&1
configure:11348: $? = 0
configure:11362: result: no
configure:11522: checking dynamic linker characteristics
configure:12103: gcc -o conftest -g -O2   -Wl,-rpath -Wl,/foo conftest.c  >&5
configure:12103: $? = 0
configure:12352: result: GNU/Linux ld.so
configure:12474: checking how to hardcode library paths into programs
configure:12499: result: immediate
configure:12601: checking for shl_load
configure:12601: gcc -o conftest -g -O2   conftest.c  >&5
/tmp/ccr6bZux.o: In function `main':
/home/eedjsa/savannah-repo-apl/trunk/conftest.c:62: undefined reference to `shl_load'
collect2: error: ld returned 1 exit status
configure:12601: $? = 1
configure: failed program was:
| /* confdefs.h */
| #define PACKAGE_NAME "GNU APL"
| #define PACKAGE_TARNAME "apl"
| #define PACKAGE_VERSION "1.8"
| #define PACKAGE_STRING "GNU APL 1.8"
| #define PACKAGE_BUGREPORT "bug-apl@gnu.org"
| #define PACKAGE_URL "http://www.gnu.org/software/apl/"
| #define STDC_HEADERS 1
| #define HAVE_SYS_TYPES_H 1
| #define HAVE_SYS_STAT_H 1
| #define HAVE_STDLIB_H 1
| #define HAVE_STRING_H 1
| #define HAVE_MEMORY_H 1
| #define HAVE_STRINGS_H 1
| #define HAVE_INTTYPES_H 1
| #define HAVE_STDINT_H 1
| #define HAVE_UNISTD_H 1
| #define __EXTENSIONS__ 1
| #define _ALL_SOURCE 1
| #define _GNU_SOURCE 1
| #define _POSIX_PTHREAD_SEMANTICS 1
| #define _TANDEM_SOURCE 1
| #define PACKAGE "apl"
| #define VERSION "1.8"
| #define HAVE_DLFCN_H 1
| #define LT_OBJDIR ".libs/"
| /* end confdefs.h.  */
| /* Define shl_load to an innocuous variant, in case <limits.h> declares shl_load.
|    For example, HP-UX 11i <limits.h> declares gettimeofday.  */
| #define shl_load innocuous_shl_load
| 
| /* System header to define __stub macros and hopefully few prototypes,
|     which can conflict with char shl_load (); below.
|     Prefer <limits.h> to <assert.h> if __STDC__ is defined, since
|     <limits.h> exists even on freestanding compilers.  */
| 
| #ifdef __STDC__
| # include <limits.h>
| #else
| # include <assert.h>
| #endif
| 
| #undef shl_load
| 
| /* Override any GCC internal prototype to avoid an error.
|    Use char because int might match the return type of a GCC
|    builtin and then its argument prototype would still apply.  */
| #ifdef __cplusplus
| extern "C"
| #endif
| char shl_load ();
| /* The GNU C library defines this for functions which it implements
|     to always fail with ENOSYS.  Some functions are actually named
|     something starting with __ and the normal name is an alias.  */
| #if defined __stub_shl_load || defined __stub___shl_load
| choke me
| #endif
| 
| int
| main ()
| {
| return shl_load ();
|   ;
|   return 0;
| }
configure:12601: result: no
configure:12605: checking for shl_load in -ldld
configure:12630: gcc -o conftest -g -O2   conftest.c -ldld   >&5
/usr/bin/ld: cannot find -ldld
collect2: error: ld returned 1 exit status
configure:12630: $? = 1
configure: failed program was:
| /* confdefs.h */
| #define PACKAGE_NAME "GNU APL"
| #define PACKAGE_TARNAME "apl"
| #define PACKAGE_VERSION "1.8"
| #define PACKAGE_STRING "GNU APL 1.8"
| #define PACKAGE_BUGREPORT "bug-apl@gnu.org"
| #define PACKAGE_URL "http://www.gnu.org/software/apl/"
| #define STDC_HEADERS 1
| #define HAVE_SYS_TYPES_H 1
| #define HAVE_SYS_STAT_H 1
| #define HAVE_STDLIB_H 1
| #define HAVE_STRING_H 1
| #define HAVE_MEMORY_H 1
| #define HAVE_STRINGS_H 1
| #define HAVE_INTTYPES_H 1
| #define HAVE_STDINT_H 1
| #define HAVE_UNISTD_H 1
| #define __EXTENSIONS__ 1
| #define _ALL_SOURCE 1
| #define _GNU_SOURCE 1
| #define _POSIX_PTHREAD_SEMANTICS 1
| #define _TANDEM_SOURCE 1
| #define PACKAGE "apl"
| #define VERSION "1.8"
| #define HAVE_DLFCN_H 1
| #define LT_OBJDIR ".libs/"
| /* end confdefs.h.  */
| 
| /* Override any GCC internal prototype to avoid an error.
|    Use char because int might match the return type of a GCC
|    builtin and then its argument prototype would still apply.  */
| #ifdef __cplusplus
| extern "C"
| #endif
| char shl_load ();
| int
| main ()
| {
| return shl_load ();
|   ;
|   return 0;
| }
configure:12639: result: no
configure:12644: checking for dlopen
configure:12644: gcc -o conftest -g -O2   conftest.c  >&5
/tmp/ccxerKiD.o: In function `main':
/home/eedjsa/savannah-repo-apl/trunk/conftest.c:62: undefined reference to `dlopen'
collect2: error: ld returned 1 exit status
configure:12644: $? = 1
configure: failed program was:
| /* confdefs.h */
| #define PACKAGE_NAME "GNU APL"
| #define PACKAGE_TARNAME "apl"
| #define PACKAGE_VERSION "1.8"
| #define PACKAGE_STRING "GNU APL 1.8"
| #define PACKAGE_BUGREPORT "bug-apl@gnu.org"
| #define PACKAGE_URL "http://www.gnu.org/software/apl/"
| #define STDC_HEADERS 1
| #define HAVE_SYS_TYPES_H 1
| #define HAVE_SYS_STAT_H 1
| #define HAVE_STDLIB_H 1
| #define HAVE_STRING_H 1
| #define HAVE_MEMORY_H 1
| #define HAVE_STRINGS_H 1
| #define HAVE_INTTYPES_H 1
| #define HAVE_STDINT_H 1
| #define HAVE_UNISTD_H 1
| #define __EXTENSIONS__ 1
| #define _ALL_SOURCE 1
| #define _GNU_SOURCE 1
| #define _POSIX_PTHREAD_SEMANTICS 1
| #define _TANDEM_SOURCE 1
| #define PACKAGE "apl"
| #define VERSION "1.8"
| #define HAVE_DLFCN_H 1
| #define LT_OBJDIR ".libs/"
| /* end confdefs.h.  */
| /* Define dlopen to an innocuous variant, in case <limits.h> declares dlopen.
|    For example, HP-UX 11i <limits.h> declares gettimeofday.  */
| #define dlopen innocuous_dlopen
| 
| /* System header to define __stub macros and hopefully few prototypes,
|     which can conflict with char dlopen (); below.
|     Prefer <limits.h> to <assert.h> if __STDC__ is defined, since
|     <limits.h> exists even on freestanding compilers.  */
| 
| #ifdef __STDC__
| # include <limits.h>
| #else
| # include <assert.h>
| #endif
| 
| #undef dlopen
| 
| /* Override any GCC internal prototype to avoid an error.
|    Use char because int might match the return type of a GCC
|    builtin and then its argument prototype would still apply.  */
| #ifdef __cplusplus
| extern "C"
| #endif
| char dlopen ();
| /* The GNU C library defines this for functions which it implements
|     to always fail with ENOSYS.  Some functions are actually named
|     something starting with __ and the normal name is an alias.  */
| #if defined __stub_dlopen || defined __stub___dlopen
| choke me
| #endif
| 
| int
| main ()
| {
| return dlopen ();
|   ;
|   return 0;
| }
configure:12644: result: no
configure:12648: checking for dlopen in -ldl
configure:12673: gcc -o conftest -g -O2   conftest.c -ldl   >&5
configure:12673: $? = 0
configure:12682: result: yes
configure:12801: checking whether a program can dlopen itself
configure:12881: gcc -o conftest -g -O2  -DHAVE_DLFCN_H  -Wl,--export-dynamic conftest.c -ldl  >&5
configure:12884: $? = 0
configure:12902: result: yes
configure:12907: checking whether a statically linked program can dlopen itself
configure:12987: gcc -o conftest -g -O2  -DHAVE_DLFCN_H  -Wl,--export-dynamic -static conftest.c -ldl  >&5
/tmp/cc5aQ9cL.o: In function `main':
/home/eedjsa/savannah-repo-apl/trunk/configure:12966: warning: Using 'dlopen' in statically linked applications requires at runtime the shared libraries from the glibc version used for linking
configure:12990: $? = 0
conftest: undefined symbol: _fnord
configure:13008: result: no
configure:13047: checking whether stripping libraries is possible
configure:13052: result: yes
configure:13087: checking if libtool supports shared libraries
configure:13089: result: yes
configure:13092: checking whether to build shared libraries
configure:13117: result: yes
configure:13120: checking whether to build static libraries
configure:13124: result: yes
configure:13147: checking how to run the C++ preprocessor
configure:13174: g++ -E  conftest.cpp
configure:13174: $? = 0
configure:13188: g++ -E  conftest.cpp
conftest.cpp:28:10: fatal error: ac_nonexistent.h: No such file or directory
   28 | #include <ac_nonexistent.h>
      |          ^~~~~~~~~~~~~~~~~~
compilation terminated.
configure:13188: $? = 1
configure: failed program was:
| /* confdefs.h */
| #define PACKAGE_NAME "GNU APL"
| #define PACKAGE_TARNAME "apl"
| #define PACKAGE_VERSION "1.8"
| #define PACKAGE_STRING "GNU APL 1.8"
| #define PACKAGE_BUGREPORT "bug-apl@gnu.org"
| #define PACKAGE_URL "http://www.gnu.org/software/apl/"
| #define STDC_HEADERS 1
| #define HAVE_SYS_TYPES_H 1
| #define HAVE_SYS_STAT_H 1
| #define HAVE_STDLIB_H 1
| #define HAVE_STRING_H 1
| #define HAVE_MEMORY_H 1
| #define HAVE_STRINGS_H 1
| #define HAVE_INTTYPES_H 1
| #define HAVE_STDINT_H 1
| #define HAVE_UNISTD_H 1
| #define __EXTENSIONS__ 1
| #define _ALL_SOURCE 1
| #define _GNU_SOURCE 1
| #define _POSIX_PTHREAD_SEMANTICS 1
| #define _TANDEM_SOURCE 1
| #define PACKAGE "apl"
| #define VERSION "1.8"
| #define HAVE_DLFCN_H 1
| #define LT_OBJDIR ".libs/"
| /* end confdefs.h.  */
| #include <ac_nonexistent.h>
configure:13213: result: g++ -E
configure:13233: g++ -E  conftest.cpp
configure:13233: $? = 0
configure:13247: g++ -E  conftest.cpp
conftest.cpp:28:10: fatal error: ac_nonexistent.h: No such file or directory
   28 | #include <ac_nonexistent.h>
      |          ^~~~~~~~~~~~~~~~~~
compilation terminated.
configure:13247: $? = 1
configure: failed program was:
| /* confdefs.h */
| #define PACKAGE_NAME "GNU APL"
| #define PACKAGE_TARNAME "apl"
| #define PACKAGE_VERSION "1.8"
| #define PACKAGE_STRING "GNU APL 1.8"
| #define PACKAGE_BUGREPORT "bug-apl@gnu.org"
| #define PACKAGE_URL "http://www.gnu.org/software/apl/"
| #define STDC_HEADERS 1
| #define HAVE_SYS_TYPES_H 1
| #define HAVE_SYS_STAT_H 1
| #define HAVE_STDLIB_H 1
| #define HAVE_STRING_H 1
| #define HAVE_MEMORY_H 1
| #define HAVE_STRINGS_H 1
| #define HAVE_INTTYPES_H 1
| #define HAVE_STDINT_H 1
| #define HAVE_UNISTD_H 1
| #define __EXTENSIONS__ 1
| #define _ALL_SOURCE 1
| #define _GNU_SOURCE 1
| #define _POSIX_PTHREAD_SEMANTICS 1
| #define _TANDEM_SOURCE 1
| #define PACKAGE "apl"
| #define VERSION "1.8"
| #define HAVE_DLFCN_H 1
| #define LT_OBJDIR ".libs/"
| /* end confdefs.h.  */
| #include <ac_nonexistent.h>
configure:13409: checking for ld used by g++
configure:13476: result: /usr/bin/ld -m elf_x86_64
configure:13483: checking if the linker (/usr/bin/ld -m elf_x86_64) is GNU ld
configure:13498: result: yes
configure:13553: checking whether the g++ linker (/usr/bin/ld -m elf_x86_64) supports shared libraries
configure:14626: result: yes
configure:14662: g++ -c -g -O2  conftest.cpp >&5
configure:14665: $? = 0
configure:15146: checking for g++ option to produce PIC
configure:15153: result: -fPIC -DPIC
configure:15161: checking if g++ PIC flag -fPIC -DPIC works
configure:15179: g++ -c -g -O2  -fPIC -DPIC -DPIC conftest.cpp >&5
configure:15183: $? = 0
configure:15196: result: yes
configure:15219: checking if g++ static flag -static works
configure:15247: result: yes
configure:15259: checking if g++ supports -c -o file.o
configure:15280: g++ -c -g -O2  -o out/conftest2.o conftest.cpp >&5
configure:15284: $? = 0
configure:15306: result: yes
configure:15311: checking if g++ supports -c -o file.o
configure:15358: result: yes
configure:15388: checking whether the g++ linker (/usr/bin/ld -m elf_x86_64) supports shared libraries
configure:15431: result: yes
configure:15572: checking dynamic linker characteristics
configure:16329: result: GNU/Linux ld.so
configure:16394: checking how to hardcode library paths into programs
configure:16419: result: immediate
configure:16595: checking for C++ compiler version
configure:16604: g++ --version >&5
g++ (GCC) 11.0.0 20200502 (experimental)
Copyright (C) 2020 Free Software Foundation, Inc.
This is free software; see the source for copying conditions.  There is NO
warranty; not even for MERCHANTABILITY or FITNESS FOR A PARTICULAR PURPOSE.

configure:16615: $? = 0
configure:16604: g++ -v >&5
Using built-in specs.
COLLECT_GCC=g++
COLLECT_LTO_WRAPPER=/usr/local/libexec/gcc/x86_64-pc-linux-gnu/11.0.0/lto-wrapper
Target: x86_64-pc-linux-gnu
Configured with: ../gcc-master/configure
Thread model: posix
Supported LTO compression algorithms: zlib
gcc version 11.0.0 20200502 (experimental) (GCC) 
configure:16615: $? = 0
configure:16604: g++ -V >&5
g++: error: unrecognized command-line option '-V'
g++: fatal error: no input files
compilation terminated.
configure:16615: $? = 1
configure:16604: g++ -qversion >&5
g++: error: unrecognized command-line option '-qversion'; did you mean '--version'?
g++: fatal error: no input files
compilation terminated.
configure:16615: $? = 1
configure:16619: checking whether we are using the GNU C++ compiler
configure:16647: result: yes
configure:16656: checking whether g++ accepts -g
configure:16717: result: yes
configure:16742: checking dependency style of g++
configure:16853: result: gcc3
configure:16916: checking for gcc
configure:16943: result: gcc
configure:17172: checking for C compiler version
configure:17181: gcc --version >&5
gcc (GCC) 11.0.0 20200502 (experimental)
Copyright (C) 2020 Free Software Foundation, Inc.
This is free software; see the source for copying conditions.  There is NO
warranty; not even for MERCHANTABILITY or FITNESS FOR A PARTICULAR PURPOSE.

configure:17192: $? = 0
configure:17181: gcc -v >&5
Using built-in specs.
COLLECT_GCC=gcc
COLLECT_LTO_WRAPPER=/usr/local/libexec/gcc/x86_64-pc-linux-gnu/11.0.0/lto-wrapper
Target: x86_64-pc-linux-gnu
Configured with: ../gcc-master/configure
Thread model: posix
Supported LTO compression algorithms: zlib
gcc version 11.0.0 20200502 (experimental) (GCC) 
configure:17192: $? = 0
configure:17181: gcc -V >&5
gcc: error: unrecognized command-line option '-V'
gcc: fatal error: no input files
compilation terminated.
configure:17192: $? = 1
configure:17181: gcc -qversion >&5
gcc: error: unrecognized command-line option '-qversion'; did you mean '--version'?
gcc: fatal error: no input files
compilation terminated.
configure:17192: $? = 1
configure:17196: checking whether we are using the GNU C compiler
configure:17224: result: yes
configure:17233: checking whether gcc accepts -g
configure:17294: result: yes
configure:17311: checking for gcc option to accept ISO C89
configure:17387: result: none needed
configure:17412: checking whether gcc understands -c and -o together
configure:17449: result: yes
configure:17476: checking ncurses.h usability
configure:17476: g++ -c -g -O2  conftest.cpp >&5
configure:17476: $? = 0
configure:17476: result: yes
configure:17476: checking ncurses.h presence
configure:17476: g++ -E  conftest.cpp
configure:17476: $? = 0
configure:17476: result: yes
configure:17476: checking for ncurses.h
configure:17476: result: yes
configure:17499: checking for term.h
configure:17499: g++ -c -g -O2  conftest.cpp >&5
configure:17499: $? = 0
configure:17499: result: yes
configure:17535: checking execinfo.h usability
configure:17535: g++ -c -g -O2  conftest.cpp >&5
configure:17535: $? = 0
configure:17535: result: yes
configure:17535: checking execinfo.h presence
configure:17535: g++ -E  conftest.cpp
configure:17535: $? = 0
configure:17535: result: yes
configure:17535: checking for execinfo.h
configure:17535: result: yes
configure:17535: checking fcntl.h usability
configure:17535: g++ -c -g -O2  conftest.cpp >&5
configure:17535: $? = 0
configure:17535: result: yes
configure:17535: checking fcntl.h presence
configure:17535: g++ -E  conftest.cpp
configure:17535: $? = 0
configure:17535: result: yes
configure:17535: checking for fcntl.h
configure:17535: result: yes
configure:17535: checking fftw3.h usability
configure:17535: g++ -c -g -O2  conftest.cpp >&5
configure:17535: $? = 0
configure:17535: result: yes
configure:17535: checking fftw3.h presence
configure:17535: g++ -E  conftest.cpp
configure:17535: $? = 0
configure:17535: result: yes
configure:17535: checking for fftw3.h
configure:17535: result: yes
configure:17535: checking for inttypes.h
configure:17535: result: yes
configure:17535: checking for stdint.h
configure:17535: result: yes
configure:17535: checking for stdlib.h
configure:17535: result: yes
configure:17535: checking for string.h
configure:17535: result: yes
configure:17535: checking for strings.h
configure:17535: result: yes
configure:17535: checking for unistd.h
configure:17535: result: yes
configure:17535: checking sys/un.h usability
configure:17535: g++ -c -g -O2  conftest.cpp >&5
configure:17535: $? = 0
configure:17535: result: yes
configure:17535: checking sys/un.h presence
configure:17535: g++ -E  conftest.cpp
configure:17535: $? = 0
configure:17535: result: yes
configure:17535: checking for sys/un.h
configure:17535: result: yes
configure:17535: checking ext/atomicity.h usability
configure:17535: g++ -c -g -O2  conftest.cpp >&5
configure:17535: $? = 0
configure:17535: result: yes
configure:17535: checking ext/atomicity.h presence
configure:17535: g++ -E  conftest.cpp
configure:17535: $? = 0
configure:17535: result: yes
configure:17535: checking for ext/atomicity.h
configure:17535: result: yes
configure:17535: checking xcb/xcb.h usability
configure:17535: g++ -c -g -O2  conftest.cpp >&5
configure:17535: $? = 0
configure:17535: result: yes
configure:17535: checking xcb/xcb.h presence
configure:17535: g++ -E  conftest.cpp
configure:17535: $? = 0
configure:17535: result: yes
configure:17535: checking for xcb/xcb.h
configure:17535: result: yes
configure:17535: checking X11/Xlib.h usability
configure:17535: g++ -c -g -O2  conftest.cpp >&5
configure:17535: $? = 0
configure:17535: result: yes
configure:17535: checking X11/Xlib.h presence
configure:17535: g++ -E  conftest.cpp
configure:17535: $? = 0
configure:17535: result: yes
configure:17535: checking for X11/Xlib.h
configure:17535: result: yes
configure:17535: checking X11/Xlib-xcb.h usability
configure:17535: g++ -c -g -O2  conftest.cpp >&5
configure:17535: $? = 0
configure:17535: result: yes
configure:17535: checking X11/Xlib-xcb.h presence
configure:17535: g++ -E  conftest.cpp
configure:17535: $? = 0
configure:17535: result: yes
configure:17535: checking for X11/Xlib-xcb.h
configure:17535: result: yes
configure:17535: checking X11/Xutil.h usability
configure:17535: g++ -c -g -O2  conftest.cpp >&5
configure:17535: $? = 0
configure:17535: result: yes
configure:17535: checking X11/Xutil.h presence
configure:17535: g++ -E  conftest.cpp
configure:17535: $? = 0
configure:17535: result: yes
configure:17535: checking for X11/Xutil.h
configure:17535: result: yes
configure:17535: checking utmpx.h usability
configure:17535: g++ -c -g -O2  conftest.cpp >&5
configure:17535: $? = 0
configure:17535: result: yes
configure:17535: checking utmpx.h presence
configure:17535: g++ -E  conftest.cpp
configure:17535: $? = 0
configure:17535: result: yes
configure:17535: checking for utmpx.h
configure:17535: result: yes
configure:17547: checking for xcb/xproto.h
configure:17547: g++ -c -g -O2  conftest.cpp >&5
configure:17547: $? = 0
configure:17547: result: yes
configure:17557: checking for stdbool.h that conforms to C99
configure:17624: g++ -c -g -O2  conftest.cpp >&5
conftest.cpp:49:15: error: expected unqualified-id before string constant
   49 |               "error: bool is not defined"
      |               ^~~~~~~~~~~~~~~~~~~~~~~~~~~~
conftest.cpp:67:48: error: 's' does not name a type
   67 |              struct s { _Bool s: 1; _Bool t; } s;
      |                                                ^
conftest.cpp:77:28: error: 's' was not declared in this scope
   77 |              char i[sizeof s.t];
      |                            ^
conftest.cpp: In function 'int main()':
conftest.cpp:95:24: error: 's' was not declared in this scope
   95 |              bool e = &s;
      |                        ^
conftest.cpp:99:63: error: 'i' was not declared in this scope
   99 |              return (!a + !b + !c + !d + !e + !f + !g + !h + !i + !!j + !k + !!l
      |                                                               ^
configure:17624: $? = 1
configure: failed program was:
| /* confdefs.h */
| #define PACKAGE_NAME "GNU APL"
| #define PACKAGE_TARNAME "apl"
| #define PACKAGE_VERSION "1.8"
| #define PACKAGE_STRING "GNU APL 1.8"
| #define PACKAGE_BUGREPORT "bug-apl@gnu.org"
| #define PACKAGE_URL "http://www.gnu.org/software/apl/"
| #define STDC_HEADERS 1
| #define HAVE_SYS_TYPES_H 1
| #define HAVE_SYS_STAT_H 1
| #define HAVE_STDLIB_H 1
| #define HAVE_STRING_H 1
| #define HAVE_MEMORY_H 1
| #define HAVE_STRINGS_H 1
| #define HAVE_INTTYPES_H 1
| #define HAVE_STDINT_H 1
| #define HAVE_UNISTD_H 1
| #define __EXTENSIONS__ 1
| #define _ALL_SOURCE 1
| #define _GNU_SOURCE 1
| #define _POSIX_PTHREAD_SEMANTICS 1
| #define _TANDEM_SOURCE 1
| #define PACKAGE "apl"
| #define VERSION "1.8"
| #define HAVE_DLFCN_H 1
| #define LT_OBJDIR ".libs/"
| #define HAVE_NCURSES_H 1
| #define HAVE_TERM_H 1
| #define HAVE_EXECINFO_H 1
| #define HAVE_FCNTL_H 1
| #define HAVE_FFTW3_H 1
| #define HAVE_INTTYPES_H 1
| #define HAVE_STDINT_H 1
| #define HAVE_STDLIB_H 1
| #define HAVE_STRING_H 1
| #define HAVE_STRINGS_H 1
| #define HAVE_UNISTD_H 1
| #define HAVE_SYS_UN_H 1
| #define HAVE_EXT_ATOMICITY_H 1
| #define HAVE_XCB_XCB_H 1
| #define HAVE_X11_XLIB_H 1
| #define HAVE_X11_XLIB_XCB_H 1
| #define HAVE_X11_XUTIL_H 1
| #define HAVE_UTMPX_H 1
| /* end confdefs.h.  */
| 
|              #include <stdbool.h>
|              #ifndef bool
|               "error: bool is not defined"
|              #endif
|              #ifndef false
|               "error: false is not defined"
|              #endif
|              #if false
|               "error: false is not 0"
|              #endif
|              #ifndef true
|               "error: true is not defined"
|              #endif
|              #if true != 1
|               "error: true is not 1"
|              #endif
|              #ifndef __bool_true_false_are_defined
|               "error: __bool_true_false_are_defined is not defined"
|              #endif
| 
|              struct s { _Bool s: 1; _Bool t; } s;
| 
|              char a[true == 1 ? 1 : -1];
|              char b[false == 0 ? 1 : -1];
|              char c[__bool_true_false_are_defined == 1 ? 1 : -1];
|              char d[(bool) 0.5 == true ? 1 : -1];
|              /* See body of main program for 'e'.  */
|              char f[(_Bool) 0.0 == false ? 1 : -1];
|              char g[true];
|              char h[sizeof (_Bool)];
|              char i[sizeof s.t];
|              enum { j = false, k = true, l = false * true, m = true * 256 };
|              /* The following fails for
|                 HP aC++/ANSI C B3910B A.05.55 [Dec 04 2003]. */
|              _Bool n[m];
|              char o[sizeof n == m * sizeof n[0] ? 1 : -1];
|              char p[-1 - (_Bool) 0 < 0 && -1 - (bool) 0 < 0 ? 1 : -1];
|              /* Catch a bug in an HP-UX C compiler.  See
|                 http://gcc.gnu.org/ml/gcc-patches/2003-12/msg02303.html
|                 http://lists.gnu.org/archive/html/bug-coreutils/2005-11/msg00161.html
|               */
|              _Bool q = true;
|              _Bool *pq = &q;
| 
| int
| main ()
| {
| 
|              bool e = &s;
|              *pq |= q;
|              *pq |= ! q;
|              /* Refer to every declared value, to avoid compiler optimizations.  */
|              return (!a + !b + !c + !d + !e + !f + !g + !h + !i + !!j + !k + !!l
|                      + !m + !n + !o + !p + !q + !pq);
| 
|   ;
|   return 0;
| }
configure:17631: result: no
configure:17633: checking for _Bool
configure:17633: g++ -c -g -O2  conftest.cpp >&5
conftest.cpp: In function 'int main()':
conftest.cpp:82:13: error: '_Bool' was not declared in this scope
   82 | if (sizeof (_Bool))
      |             ^~~~~
configure:17633: $? = 1
configure: failed program was:
| /* confdefs.h */
| #define PACKAGE_NAME "GNU APL"
| #define PACKAGE_TARNAME "apl"
| #define PACKAGE_VERSION "1.8"
| #define PACKAGE_STRING "GNU APL 1.8"
| #define PACKAGE_BUGREPORT "bug-apl@gnu.org"
| #define PACKAGE_URL "http://www.gnu.org/software/apl/"
| #define STDC_HEADERS 1
| #define HAVE_SYS_TYPES_H 1
| #define HAVE_SYS_STAT_H 1
| #define HAVE_STDLIB_H 1
| #define HAVE_STRING_H 1
| #define HAVE_MEMORY_H 1
| #define HAVE_STRINGS_H 1
| #define HAVE_INTTYPES_H 1
| #define HAVE_STDINT_H 1
| #define HAVE_UNISTD_H 1
| #define __EXTENSIONS__ 1
| #define _ALL_SOURCE 1
| #define _GNU_SOURCE 1
| #define _POSIX_PTHREAD_SEMANTICS 1
| #define _TANDEM_SOURCE 1
| #define PACKAGE "apl"
| #define VERSION "1.8"
| #define HAVE_DLFCN_H 1
| #define LT_OBJDIR ".libs/"
| #define HAVE_NCURSES_H 1
| #define HAVE_TERM_H 1
| #define HAVE_EXECINFO_H 1
| #define HAVE_FCNTL_H 1
| #define HAVE_FFTW3_H 1
| #define HAVE_INTTYPES_H 1
| #define HAVE_STDINT_H 1
| #define HAVE_STDLIB_H 1
| #define HAVE_STRING_H 1
| #define HAVE_STRINGS_H 1
| #define HAVE_UNISTD_H 1
| #define HAVE_SYS_UN_H 1
| #define HAVE_EXT_ATOMICITY_H 1
| #define HAVE_XCB_XCB_H 1
| #define HAVE_X11_XLIB_H 1
| #define HAVE_X11_XLIB_XCB_H 1
| #define HAVE_X11_XUTIL_H 1
| #define HAVE_UTMPX_H 1
| /* end confdefs.h.  */
| #include <stdio.h>
| #ifdef HAVE_SYS_TYPES_H
| # include <sys/types.h>
| #endif
| #ifdef HAVE_SYS_STAT_H
| # include <sys/stat.h>
| #endif
| #ifdef STDC_HEADERS
| # include <stdlib.h>
| # include <stddef.h>
| #else
| # ifdef HAVE_STDLIB_H
| #  include <stdlib.h>
| # endif
| #endif
| #ifdef HAVE_STRING_H
| # if !defined STDC_HEADERS && defined HAVE_MEMORY_H
| #  include <memory.h>
| # endif
| # include <string.h>
| #endif
| #ifdef HAVE_STRINGS_H
| # include <strings.h>
| #endif
| #ifdef HAVE_INTTYPES_H
| # include <inttypes.h>
| #endif
| #ifdef HAVE_STDINT_H
| # include <stdint.h>
| #endif
| #ifdef HAVE_UNISTD_H
| # include <unistd.h>
| #endif
| int
| main ()
| {
| if (sizeof (_Bool))
| 	 return 0;
|   ;
|   return 0;
| }
configure:17633: result: no
configure:17650: checking for inline
configure:17666: g++ -c -g -O2  conftest.cpp >&5
configure:17666: $? = 0
configure:17674: result: inline
configure:17692: checking for int32_t
configure:17692: g++ -c -g -O2  conftest.cpp >&5
configure:17692: $? = 0
configure:17692: g++ -c -g -O2  conftest.cpp >&5
conftest.cpp: In function 'int main()':
conftest.cpp:84:53: warning: integer overflow in expression of type 'int32_t' {aka 'int'} results in '-2147483648' [-Woverflow]
   84 |    < (int32_t) (((((int32_t) 1 << N) << N) - 1) * 2 + 2))];
      |                 ~~~~~~~~~~~~~~~~~~~~~~~~~~~~~~~~~~~~^~~
conftest.cpp:83:26: error: size '-1' of array 'test_array' is negative
   83 | static int test_array [1 - 2 * !((int32_t) (((((int32_t) 1 << N) << N) - 1) * 2 + 1)
      |                        ~~^~~~~~~~~~~~~~~~~~~~~~~~~~~~~~~~~~~~~~~~~~~~~~~~~~~~~~~~~~~
   84 |    < (int32_t) (((((int32_t) 1 << N) << N) - 1) * 2 + 2))];
      |    ~~~~~~~~~~~~~~~~~~~~~~~~~~~~~~~~~~~~~~~~~~~~~~~~~~~~~~
configure:17692: $? = 1
configure: failed program was:
| /* confdefs.h */
| #define PACKAGE_NAME "GNU APL"
| #define PACKAGE_TARNAME "apl"
| #define PACKAGE_VERSION "1.8"
| #define PACKAGE_STRING "GNU APL 1.8"
| #define PACKAGE_BUGREPORT "bug-apl@gnu.org"
| #define PACKAGE_URL "http://www.gnu.org/software/apl/"
| #define STDC_HEADERS 1
| #define HAVE_SYS_TYPES_H 1
| #define HAVE_SYS_STAT_H 1
| #define HAVE_STDLIB_H 1
| #define HAVE_STRING_H 1
| #define HAVE_MEMORY_H 1
| #define HAVE_STRINGS_H 1
| #define HAVE_INTTYPES_H 1
| #define HAVE_STDINT_H 1
| #define HAVE_UNISTD_H 1
| #define __EXTENSIONS__ 1
| #define _ALL_SOURCE 1
| #define _GNU_SOURCE 1
| #define _POSIX_PTHREAD_SEMANTICS 1
| #define _TANDEM_SOURCE 1
| #define PACKAGE "apl"
| #define VERSION "1.8"
| #define HAVE_DLFCN_H 1
| #define LT_OBJDIR ".libs/"
| #define HAVE_NCURSES_H 1
| #define HAVE_TERM_H 1
| #define HAVE_EXECINFO_H 1
| #define HAVE_FCNTL_H 1
| #define HAVE_FFTW3_H 1
| #define HAVE_INTTYPES_H 1
| #define HAVE_STDINT_H 1
| #define HAVE_STDLIB_H 1
| #define HAVE_STRING_H 1
| #define HAVE_STRINGS_H 1
| #define HAVE_UNISTD_H 1
| #define HAVE_SYS_UN_H 1
| #define HAVE_EXT_ATOMICITY_H 1
| #define HAVE_XCB_XCB_H 1
| #define HAVE_X11_XLIB_H 1
| #define HAVE_X11_XLIB_XCB_H 1
| #define HAVE_X11_XUTIL_H 1
| #define HAVE_UTMPX_H 1
| /* end confdefs.h.  */
| #include <stdio.h>
| #ifdef HAVE_SYS_TYPES_H
| # include <sys/types.h>
| #endif
| #ifdef HAVE_SYS_STAT_H
| # include <sys/stat.h>
| #endif
| #ifdef STDC_HEADERS
| # include <stdlib.h>
| # include <stddef.h>
| #else
| # ifdef HAVE_STDLIB_H
| #  include <stdlib.h>
| # endif
| #endif
| #ifdef HAVE_STRING_H
| # if !defined STDC_HEADERS && defined HAVE_MEMORY_H
| #  include <memory.h>
| # endif
| # include <string.h>
| #endif
| #ifdef HAVE_STRINGS_H
| # include <strings.h>
| #endif
| #ifdef HAVE_INTTYPES_H
| # include <inttypes.h>
| #endif
| #ifdef HAVE_STDINT_H
| # include <stdint.h>
| #endif
| #ifdef HAVE_UNISTD_H
| # include <unistd.h>
| #endif
| 	        enum { N = 32 / 2 - 1 };
| int
| main ()
| {
| static int test_array [1 - 2 * !((int32_t) (((((int32_t) 1 << N) << N) - 1) * 2 + 1)
| 		 < (int32_t) (((((int32_t) 1 << N) << N) - 1) * 2 + 2))];
| test_array [0] = 0;
| return test_array [0];
| 
|   ;
|   return 0;
| }
configure:17692: result: yes
configure:17703: checking for int64_t
configure:17703: g++ -c -g -O2  conftest.cpp >&5
configure:17703: $? = 0
configure:17703: g++ -c -g -O2  conftest.cpp >&5
conftest.cpp: In function 'int main()':
conftest.cpp:84:53: warning: integer overflow in expression of type 'int64_t' {aka 'long int'} results in '-9223372036854775808' [-Woverflow]
   84 |    < (int64_t) (((((int64_t) 1 << N) << N) - 1) * 2 + 2))];
      |                 ~~~~~~~~~~~~~~~~~~~~~~~~~~~~~~~~~~~~^~~
conftest.cpp:83:26: error: size '-1' of array 'test_array' is negative
   83 | static int test_array [1 - 2 * !((int64_t) (((((int64_t) 1 << N) << N) - 1) * 2 + 1)
      |                        ~~^~~~~~~~~~~~~~~~~~~~~~~~~~~~~~~~~~~~~~~~~~~~~~~~~~~~~~~~~~~
   84 |    < (int64_t) (((((int64_t) 1 << N) << N) - 1) * 2 + 2))];
      |    ~~~~~~~~~~~~~~~~~~~~~~~~~~~~~~~~~~~~~~~~~~~~~~~~~~~~~~
configure:17703: $? = 1
configure: failed program was:
| /* confdefs.h */
| #define PACKAGE_NAME "GNU APL"
| #define PACKAGE_TARNAME "apl"
| #define PACKAGE_VERSION "1.8"
| #define PACKAGE_STRING "GNU APL 1.8"
| #define PACKAGE_BUGREPORT "bug-apl@gnu.org"
| #define PACKAGE_URL "http://www.gnu.org/software/apl/"
| #define STDC_HEADERS 1
| #define HAVE_SYS_TYPES_H 1
| #define HAVE_SYS_STAT_H 1
| #define HAVE_STDLIB_H 1
| #define HAVE_STRING_H 1
| #define HAVE_MEMORY_H 1
| #define HAVE_STRINGS_H 1
| #define HAVE_INTTYPES_H 1
| #define HAVE_STDINT_H 1
| #define HAVE_UNISTD_H 1
| #define __EXTENSIONS__ 1
| #define _ALL_SOURCE 1
| #define _GNU_SOURCE 1
| #define _POSIX_PTHREAD_SEMANTICS 1
| #define _TANDEM_SOURCE 1
| #define PACKAGE "apl"
| #define VERSION "1.8"
| #define HAVE_DLFCN_H 1
| #define LT_OBJDIR ".libs/"
| #define HAVE_NCURSES_H 1
| #define HAVE_TERM_H 1
| #define HAVE_EXECINFO_H 1
| #define HAVE_FCNTL_H 1
| #define HAVE_FFTW3_H 1
| #define HAVE_INTTYPES_H 1
| #define HAVE_STDINT_H 1
| #define HAVE_STDLIB_H 1
| #define HAVE_STRING_H 1
| #define HAVE_STRINGS_H 1
| #define HAVE_UNISTD_H 1
| #define HAVE_SYS_UN_H 1
| #define HAVE_EXT_ATOMICITY_H 1
| #define HAVE_XCB_XCB_H 1
| #define HAVE_X11_XLIB_H 1
| #define HAVE_X11_XLIB_XCB_H 1
| #define HAVE_X11_XUTIL_H 1
| #define HAVE_UTMPX_H 1
| /* end confdefs.h.  */
| #include <stdio.h>
| #ifdef HAVE_SYS_TYPES_H
| # include <sys/types.h>
| #endif
| #ifdef HAVE_SYS_STAT_H
| # include <sys/stat.h>
| #endif
| #ifdef STDC_HEADERS
| # include <stdlib.h>
| # include <stddef.h>
| #else
| # ifdef HAVE_STDLIB_H
| #  include <stdlib.h>
| # endif
| #endif
| #ifdef HAVE_STRING_H
| # if !defined STDC_HEADERS && defined HAVE_MEMORY_H
| #  include <memory.h>
| # endif
| # include <string.h>
| #endif
| #ifdef HAVE_STRINGS_H
| # include <strings.h>
| #endif
| #ifdef HAVE_INTTYPES_H
| # include <inttypes.h>
| #endif
| #ifdef HAVE_STDINT_H
| # include <stdint.h>
| #endif
| #ifdef HAVE_UNISTD_H
| # include <unistd.h>
| #endif
| 	        enum { N = 64 / 2 - 1 };
| int
| main ()
| {
| static int test_array [1 - 2 * !((int64_t) (((((int64_t) 1 << N) << N) - 1) * 2 + 1)
| 		 < (int64_t) (((((int64_t) 1 << N) << N) - 1) * 2 + 2))];
| test_array [0] = 0;
| return test_array [0];
| 
|   ;
|   return 0;
| }
configure:17703: result: yes
configure:17714: checking for off_t
configure:17714: g++ -c -g -O2  conftest.cpp >&5
configure:17714: $? = 0
configure:17714: g++ -c -g -O2  conftest.cpp >&5
conftest.cpp: In function 'int main()':
conftest.cpp:82:19: error: expected primary-expression before ')' token
   82 | if (sizeof ((off_t)))
      |                   ^
configure:17714: $? = 1
configure: failed program was:
| /* confdefs.h */
| #define PACKAGE_NAME "GNU APL"
| #define PACKAGE_TARNAME "apl"
| #define PACKAGE_VERSION "1.8"
| #define PACKAGE_STRING "GNU APL 1.8"
| #define PACKAGE_BUGREPORT "bug-apl@gnu.org"
| #define PACKAGE_URL "http://www.gnu.org/software/apl/"
| #define STDC_HEADERS 1
| #define HAVE_SYS_TYPES_H 1
| #define HAVE_SYS_STAT_H 1
| #define HAVE_STDLIB_H 1
| #define HAVE_STRING_H 1
| #define HAVE_MEMORY_H 1
| #define HAVE_STRINGS_H 1
| #define HAVE_INTTYPES_H 1
| #define HAVE_STDINT_H 1
| #define HAVE_UNISTD_H 1
| #define __EXTENSIONS__ 1
| #define _ALL_SOURCE 1
| #define _GNU_SOURCE 1
| #define _POSIX_PTHREAD_SEMANTICS 1
| #define _TANDEM_SOURCE 1
| #define PACKAGE "apl"
| #define VERSION "1.8"
| #define HAVE_DLFCN_H 1
| #define LT_OBJDIR ".libs/"
| #define HAVE_NCURSES_H 1
| #define HAVE_TERM_H 1
| #define HAVE_EXECINFO_H 1
| #define HAVE_FCNTL_H 1
| #define HAVE_FFTW3_H 1
| #define HAVE_INTTYPES_H 1
| #define HAVE_STDINT_H 1
| #define HAVE_STDLIB_H 1
| #define HAVE_STRING_H 1
| #define HAVE_STRINGS_H 1
| #define HAVE_UNISTD_H 1
| #define HAVE_SYS_UN_H 1
| #define HAVE_EXT_ATOMICITY_H 1
| #define HAVE_XCB_XCB_H 1
| #define HAVE_X11_XLIB_H 1
| #define HAVE_X11_XLIB_XCB_H 1
| #define HAVE_X11_XUTIL_H 1
| #define HAVE_UTMPX_H 1
| /* end confdefs.h.  */
| #include <stdio.h>
| #ifdef HAVE_SYS_TYPES_H
| # include <sys/types.h>
| #endif
| #ifdef HAVE_SYS_STAT_H
| # include <sys/stat.h>
| #endif
| #ifdef STDC_HEADERS
| # include <stdlib.h>
| # include <stddef.h>
| #else
| # ifdef HAVE_STDLIB_H
| #  include <stdlib.h>
| # endif
| #endif
| #ifdef HAVE_STRING_H
| # if !defined STDC_HEADERS && defined HAVE_MEMORY_H
| #  include <memory.h>
| # endif
| # include <string.h>
| #endif
| #ifdef HAVE_STRINGS_H
| # include <strings.h>
| #endif
| #ifdef HAVE_INTTYPES_H
| # include <inttypes.h>
| #endif
| #ifdef HAVE_STDINT_H
| # include <stdint.h>
| #endif
| #ifdef HAVE_UNISTD_H
| # include <unistd.h>
| #endif
| int
| main ()
| {
| if (sizeof ((off_t)))
| 	    return 0;
|   ;
|   return 0;
| }
configure:17714: result: yes
configure:17725: checking for size_t
configure:17725: g++ -c -g -O2  conftest.cpp >&5
configure:17725: $? = 0
configure:17725: g++ -c -g -O2  conftest.cpp >&5
conftest.cpp: In function 'int main()':
conftest.cpp:82:20: error: expected primary-expression before ')' token
   82 | if (sizeof ((size_t)))
      |                    ^
configure:17725: $? = 1
configure: failed program was:
| /* confdefs.h */
| #define PACKAGE_NAME "GNU APL"
| #define PACKAGE_TARNAME "apl"
| #define PACKAGE_VERSION "1.8"
| #define PACKAGE_STRING "GNU APL 1.8"
| #define PACKAGE_BUGREPORT "bug-apl@gnu.org"
| #define PACKAGE_URL "http://www.gnu.org/software/apl/"
| #define STDC_HEADERS 1
| #define HAVE_SYS_TYPES_H 1
| #define HAVE_SYS_STAT_H 1
| #define HAVE_STDLIB_H 1
| #define HAVE_STRING_H 1
| #define HAVE_MEMORY_H 1
| #define HAVE_STRINGS_H 1
| #define HAVE_INTTYPES_H 1
| #define HAVE_STDINT_H 1
| #define HAVE_UNISTD_H 1
| #define __EXTENSIONS__ 1
| #define _ALL_SOURCE 1
| #define _GNU_SOURCE 1
| #define _POSIX_PTHREAD_SEMANTICS 1
| #define _TANDEM_SOURCE 1
| #define PACKAGE "apl"
| #define VERSION "1.8"
| #define HAVE_DLFCN_H 1
| #define LT_OBJDIR ".libs/"
| #define HAVE_NCURSES_H 1
| #define HAVE_TERM_H 1
| #define HAVE_EXECINFO_H 1
| #define HAVE_FCNTL_H 1
| #define HAVE_FFTW3_H 1
| #define HAVE_INTTYPES_H 1
| #define HAVE_STDINT_H 1
| #define HAVE_STDLIB_H 1
| #define HAVE_STRING_H 1
| #define HAVE_STRINGS_H 1
| #define HAVE_UNISTD_H 1
| #define HAVE_SYS_UN_H 1
| #define HAVE_EXT_ATOMICITY_H 1
| #define HAVE_XCB_XCB_H 1
| #define HAVE_X11_XLIB_H 1
| #define HAVE_X11_XLIB_XCB_H 1
| #define HAVE_X11_XUTIL_H 1
| #define HAVE_UTMPX_H 1
| /* end confdefs.h.  */
| #include <stdio.h>
| #ifdef HAVE_SYS_TYPES_H
| # include <sys/types.h>
| #endif
| #ifdef HAVE_SYS_STAT_H
| # include <sys/stat.h>
| #endif
| #ifdef STDC_HEADERS
| # include <stdlib.h>
| # include <stddef.h>
| #else
| # ifdef HAVE_STDLIB_H
| #  include <stdlib.h>
| # endif
| #endif
| #ifdef HAVE_STRING_H
| # if !defined STDC_HEADERS && defined HAVE_MEMORY_H
| #  include <memory.h>
| # endif
| # include <string.h>
| #endif
| #ifdef HAVE_STRINGS_H
| # include <strings.h>
| #endif
| #ifdef HAVE_INTTYPES_H
| # include <inttypes.h>
| #endif
| #ifdef HAVE_STDINT_H
| # include <stdint.h>
| #endif
| #ifdef HAVE_UNISTD_H
| # include <unistd.h>
| #endif
| int
| main ()
| {
| if (sizeof ((size_t)))
| 	    return 0;
|   ;
|   return 0;
| }
configure:17725: result: yes
configure:17736: checking for uint32_t
configure:17736: g++ -c -g -O2  conftest.cpp >&5
configure:17736: $? = 0
configure:17736: result: yes
configure:17750: checking for uint64_t
configure:17750: g++ -c -g -O2  conftest.cpp >&5
configure:17750: $? = 0
configure:17750: result: yes
configure:17764: checking for uint8_t
configure:17764: g++ -c -g -O2  conftest.cpp >&5
configure:17764: $? = 0
configure:17764: result: yes
configure:17791: checking for error_at_line
configure:17807: g++ -o conftest -g -O2   conftest.cpp  >&5
configure:17807: $? = 0
configure:17815: result: yes
configure:17832: checking for stdlib.h
configure:17832: result: yes
configure:17832: checking for unistd.h
configure:17832: result: yes
configure:17832: checking for sys/param.h
configure:17832: g++ -c -g -O2  conftest.cpp >&5
configure:17832: $? = 0
configure:17832: result: yes
configure:17852: checking for getpagesize
configure:17852: g++ -o conftest -g -O2   conftest.cpp  >&5
configure:17852: $? = 0
configure:17852: result: yes
configure:17861: checking for working mmap
configure:18010: g++ -o conftest -g -O2   conftest.cpp  >&5
configure:18010: $? = 0
configure:18010: ./conftest
configure:18010: $? = 0
configure:18020: result: yes
configure:18032: checking for floor
configure:18032: g++ -o conftest -g -O2   conftest.cpp  >&5
conftest.cpp:74:6: warning: declaration of 'char floor()' conflicts with built-in declaration 'double floor(double)' [-Wbuiltin-declaration-mismatch]
   74 | char floor ();
      |      ^~~~~
configure:18032: $? = 0
configure:18032: result: yes
configure:18032: checking for memset
configure:18032: g++ -o conftest -g -O2   conftest.cpp  >&5
conftest.cpp:75:6: warning: declaration of 'char memset()' conflicts with built-in declaration 'void* memset(void*, int, long unsigned int)' [-Wbuiltin-declaration-mismatch]
   75 | char memset ();
      |      ^~~~~~
configure:18032: $? = 0
configure:18032: result: yes
configure:18032: checking for munmap
configure:18032: g++ -o conftest -g -O2   conftest.cpp  >&5
configure:18032: $? = 0
configure:18032: result: yes
configure:18032: checking for pow
configure:18032: g++ -o conftest -g -O2   conftest.cpp  >&5
conftest.cpp:77:6: warning: declaration of 'char pow()' conflicts with built-in declaration 'double pow(double, double)' [-Wbuiltin-declaration-mismatch]
   77 | char pow ();
      |      ^~~
configure:18032: $? = 0
configure:18032: result: yes
configure:18032: checking for sqrt
configure:18032: g++ -o conftest -g -O2   conftest.cpp  >&5
conftest.cpp:78:6: warning: declaration of 'char sqrt()' conflicts with built-in declaration 'double sqrt(double)' [-Wbuiltin-declaration-mismatch]
   78 | char sqrt ();
      |      ^~~~
configure:18032: $? = 0
configure:18032: result: yes
configure:18032: checking for strchr
configure:18032: g++ -o conftest -g -O2   conftest.cpp  >&5
conftest.cpp:79:6: warning: declaration of 'char strchr()' conflicts with built-in declaration 'char* strchr(const char*, int)' [-Wbuiltin-declaration-mismatch]
   79 | char strchr ();
      |      ^~~~~~
configure:18032: $? = 0
configure:18032: result: yes
configure:18032: checking for strerror
configure:18032: g++ -o conftest -g -O2   conftest.cpp  >&5
configure:18032: $? = 0
configure:18032: result: yes
configure:18042: checking for XGetXCBConnection in -lX11-xcb
configure:18067: g++ -o conftest -g -O2   conftest.cpp -lX11-xcb   >&5
configure:18067: $? = 0
configure:18076: result: yes
configure:18087: checking for XOpenDisplay in -lX11
configure:18112: g++ -o conftest -g -O2   conftest.cpp -lX11  -lX11-xcb  >&5
configure:18112: $? = 0
configure:18121: result: yes
configure:18132: checking for xcb_connect in -lxcb
configure:18157: g++ -o conftest -g -O2   conftest.cpp -lxcb  -lX11 -lX11-xcb  >&5
configure:18157: $? = 0
configure:18166: result: yes
configure:18177: checking for tparm in -ltinfo
configure:18202: g++ -o conftest -g -O2   conftest.cpp -ltinfo  -lxcb -lX11 -lX11-xcb  >&5
configure:18202: $? = 0
configure:18211: result: yes
configure:18222: checking for socket in -lsocket
configure:18247: g++ -o conftest -g -O2   conftest.cpp -lsocket  -ltinfo -lxcb -lX11 -lX11-xcb  >&5
/usr/bin/ld: cannot find -lsocket
collect2: error: ld returned 1 exit status
configure:18247: $? = 1
configure: failed program was:
| /* confdefs.h */
| #define PACKAGE_NAME "GNU APL"
| #define PACKAGE_TARNAME "apl"
| #define PACKAGE_VERSION "1.8"
| #define PACKAGE_STRING "GNU APL 1.8"
| #define PACKAGE_BUGREPORT "bug-apl@gnu.org"
| #define PACKAGE_URL "http://www.gnu.org/software/apl/"
| #define STDC_HEADERS 1
| #define HAVE_SYS_TYPES_H 1
| #define HAVE_SYS_STAT_H 1
| #define HAVE_STDLIB_H 1
| #define HAVE_STRING_H 1
| #define HAVE_MEMORY_H 1
| #define HAVE_STRINGS_H 1
| #define HAVE_INTTYPES_H 1
| #define HAVE_STDINT_H 1
| #define HAVE_UNISTD_H 1
| #define __EXTENSIONS__ 1
| #define _ALL_SOURCE 1
| #define _GNU_SOURCE 1
| #define _POSIX_PTHREAD_SEMANTICS 1
| #define _TANDEM_SOURCE 1
| #define PACKAGE "apl"
| #define VERSION "1.8"
| #define HAVE_DLFCN_H 1
| #define LT_OBJDIR ".libs/"
| #define HAVE_NCURSES_H 1
| #define HAVE_TERM_H 1
| #define HAVE_EXECINFO_H 1
| #define HAVE_FCNTL_H 1
| #define HAVE_FFTW3_H 1
| #define HAVE_INTTYPES_H 1
| #define HAVE_STDINT_H 1
| #define HAVE_STDLIB_H 1
| #define HAVE_STRING_H 1
| #define HAVE_STRINGS_H 1
| #define HAVE_UNISTD_H 1
| #define HAVE_SYS_UN_H 1
| #define HAVE_EXT_ATOMICITY_H 1
| #define HAVE_XCB_XCB_H 1
| #define HAVE_X11_XLIB_H 1
| #define HAVE_X11_XLIB_XCB_H 1
| #define HAVE_X11_XUTIL_H 1
| #define HAVE_UTMPX_H 1
| #define HAVE_STDLIB_H 1
| #define HAVE_UNISTD_H 1
| #define HAVE_SYS_PARAM_H 1
| #define HAVE_GETPAGESIZE 1
| #define HAVE_MMAP 1
| #define HAVE_FLOOR 1
| #define HAVE_MEMSET 1
| #define HAVE_MUNMAP 1
| #define HAVE_POW 1
| #define HAVE_SQRT 1
| #define HAVE_STRCHR 1
| #define HAVE_STRERROR 1
| #define HAVE_LIBX11_XCB 1
| #define HAVE_LIBX11 1
| #define HAVE_LIBXCB 1
| #define HAVE_LIBTINFO 1
| /* end confdefs.h.  */
| 
| /* Override any GCC internal prototype to avoid an error.
|    Use char because int might match the return type of a GCC
|    builtin and then its argument prototype would still apply.  */
| #ifdef __cplusplus
| extern "C"
| #endif
| char socket ();
| int
| main ()
| {
| return socket ();
|   ;
|   return 0;
| }
configure:18256: result: no
configure:18267: checking for sem_init in -lpthread
configure:18292: g++ -o conftest -g -O2   conftest.cpp -lpthread  -ltinfo -lxcb -lX11 -lX11-xcb  >&5
configure:18292: $? = 0
configure:18301: result: yes
configure:18312: checking for yp_all in -lnsl
configure:18337: g++ -o conftest -g -O2   conftest.cpp -lnsl  -lpthread -ltinfo -lxcb -lX11 -lX11-xcb  >&5
configure:18337: $? = 0
configure:18346: result: yes
configure:18357: checking for setupterm in -lcurses
configure:18382: g++ -o conftest -g -O2   conftest.cpp -lcurses  -lnsl -lpthread -ltinfo -lxcb -lX11 -lX11-xcb  >&5
configure:18382: $? = 0
configure:18391: result: yes
configure:18402: checking for setupterm in -lncurses
configure:18427: g++ -o conftest -g -O2   conftest.cpp -lncurses  -lcurses -lnsl -lpthread -ltinfo -lxcb -lX11 -lX11-xcb  >&5
configure:18427: $? = 0
configure:18436: result: yes
configure:18447: checking for acosh in -lm
configure:18472: g++ -o conftest -g -O2   conftest.cpp -lm  -lncurses -lcurses -lnsl -lpthread -ltinfo -lxcb -lX11 -lX11-xcb  >&5
conftest.cpp:73:6: warning: declaration of 'char acosh()' conflicts with built-in declaration 'double acosh(double)' [-Wbuiltin-declaration-mismatch]
   73 | char acosh ();
      |      ^~~~~
configure:18472: $? = 0
configure:18481: result: yes
configure:18492: checking for gtk_init in -lgtk-3
configure:18517: g++ -o conftest -g -O2   conftest.cpp -lgtk-3  -lm -lncurses -lcurses -lnsl -lpthread -ltinfo -lxcb -lX11 -lX11-xcb  >&5
configure:18517: $? = 0
configure:18526: result: yes
configure:18537: checking for gdk_init in -lgdk-3
configure:18562: g++ -o conftest -g -O2   conftest.cpp -lgdk-3  -lgtk-3 -lm -lncurses -lcurses -lnsl -lpthread -ltinfo -lxcb -lX11 -lX11-xcb  >&5
configure:18562: $? = 0
configure:18571: result: yes
configure:18582: checking for fftw_plan_dft in -lfftw3
configure:18607: g++ -o conftest -g -O2   conftest.cpp -lfftw3  -lgdk-3 -lgtk-3 -lm -lncurses -lcurses -lnsl -lpthread -ltinfo -lxcb -lX11 -lX11-xcb  >&5
configure:18607: $? = 0
configure:18616: result: yes
configure:18627: checking for backtrace in -lexecinfo
configure:18652: g++ -o conftest -g -O2   conftest.cpp -lexecinfo  -lfftw3 -lgdk-3 -lgtk-3 -lm -lncurses -lcurses -lnsl -lpthread -ltinfo -lxcb -lX11 -lX11-xcb  >&5
/usr/bin/ld: cannot find -lexecinfo
collect2: error: ld returned 1 exit status
configure:18652: $? = 1
configure: failed program was:
| /* confdefs.h */
| #define PACKAGE_NAME "GNU APL"
| #define PACKAGE_TARNAME "apl"
| #define PACKAGE_VERSION "1.8"
| #define PACKAGE_STRING "GNU APL 1.8"
| #define PACKAGE_BUGREPORT "bug-apl@gnu.org"
| #define PACKAGE_URL "http://www.gnu.org/software/apl/"
| #define STDC_HEADERS 1
| #define HAVE_SYS_TYPES_H 1
| #define HAVE_SYS_STAT_H 1
| #define HAVE_STDLIB_H 1
| #define HAVE_STRING_H 1
| #define HAVE_MEMORY_H 1
| #define HAVE_STRINGS_H 1
| #define HAVE_INTTYPES_H 1
| #define HAVE_STDINT_H 1
| #define HAVE_UNISTD_H 1
| #define __EXTENSIONS__ 1
| #define _ALL_SOURCE 1
| #define _GNU_SOURCE 1
| #define _POSIX_PTHREAD_SEMANTICS 1
| #define _TANDEM_SOURCE 1
| #define PACKAGE "apl"
| #define VERSION "1.8"
| #define HAVE_DLFCN_H 1
| #define LT_OBJDIR ".libs/"
| #define HAVE_NCURSES_H 1
| #define HAVE_TERM_H 1
| #define HAVE_EXECINFO_H 1
| #define HAVE_FCNTL_H 1
| #define HAVE_FFTW3_H 1
| #define HAVE_INTTYPES_H 1
| #define HAVE_STDINT_H 1
| #define HAVE_STDLIB_H 1
| #define HAVE_STRING_H 1
| #define HAVE_STRINGS_H 1
| #define HAVE_UNISTD_H 1
| #define HAVE_SYS_UN_H 1
| #define HAVE_EXT_ATOMICITY_H 1
| #define HAVE_XCB_XCB_H 1
| #define HAVE_X11_XLIB_H 1
| #define HAVE_X11_XLIB_XCB_H 1
| #define HAVE_X11_XUTIL_H 1
| #define HAVE_UTMPX_H 1
| #define HAVE_STDLIB_H 1
| #define HAVE_UNISTD_H 1
| #define HAVE_SYS_PARAM_H 1
| #define HAVE_GETPAGESIZE 1
| #define HAVE_MMAP 1
| #define HAVE_FLOOR 1
| #define HAVE_MEMSET 1
| #define HAVE_MUNMAP 1
| #define HAVE_POW 1
| #define HAVE_SQRT 1
| #define HAVE_STRCHR 1
| #define HAVE_STRERROR 1
| #define HAVE_LIBX11_XCB 1
| #define HAVE_LIBX11 1
| #define HAVE_LIBXCB 1
| #define HAVE_LIBTINFO 1
| #define HAVE_LIBPTHREAD 1
| #define HAVE_LIBNSL 1
| #define HAVE_LIBCURSES 1
| #define HAVE_LIBNCURSES 1
| #define HAVE_LIBM 1
| #define HAVE_LIBGTK_3 1
| #define HAVE_LIBGDK_3 1
| #define HAVE_LIBFFTW3 1
| /* end confdefs.h.  */
| 
| /* Override any GCC internal prototype to avoid an error.
|    Use char because int might match the return type of a GCC
|    builtin and then its argument prototype would still apply.  */
| #ifdef __cplusplus
| extern "C"
| #endif
| char backtrace ();
| int
| main ()
| {
| return backtrace ();
|   ;
|   return 0;
| }
configure:18661: result: no
configure:18672: checking for dlopen in -ldl
configure:18706: result: yes
configure:18717: checking for cairo_fill in -lcairo
configure:18742: g++ -o conftest -g -O2   conftest.cpp -lcairo  -ldl -lfftw3 -lgdk-3 -lgtk-3 -lm -lncurses -lcurses -lnsl -lpthread -ltinfo -lxcb -lX11 -lX11-xcb  >&5
configure:18742: $? = 0
configure:18751: result: yes
configure:18762: checking for initstate_r in -lc
configure:18787: g++ -o conftest -g -O2   conftest.cpp -lc  -lcairo -ldl -lfftw3 -lgdk-3 -lgtk-3 -lm -lncurses -lcurses -lnsl -lpthread -ltinfo -lxcb -lX11 -lX11-xcb  >&5
configure:18787: $? = 0
configure:18796: result: yes
configure:18807: checking for __atomic_fetch_add_4 in -latomicity
configure:18832: g++ -o conftest -g -O2   conftest.cpp -latomicity  -lc -lcairo -ldl -lfftw3 -lgdk-3 -lgtk-3 -lm -lncurses -lcurses -lnsl -lpthread -ltinfo -lxcb -lX11 -lX11-xcb  >&5
conftest.cpp:80:6: error: new declaration 'char __atomic_fetch_add_4()' ambiguates built-in declaration 'unsigned int __atomic_fetch_add_4(volatile void*, unsigned int, int)' [-fpermissive]
   80 | char __atomic_fetch_add_4 ();
      |      ^~~~~~~~~~~~~~~~~~~~
conftest.cpp: In function 'int main()':
conftest.cpp:84:30: error: too few arguments to function 'unsigned int __atomic_fetch_add_4(volatile void*, unsigned int, int)'
   84 | return __atomic_fetch_add_4 ();
      |                              ^
configure:18832: $? = 1
configure: failed program was:
| /* confdefs.h */
| #define PACKAGE_NAME "GNU APL"
| #define PACKAGE_TARNAME "apl"
| #define PACKAGE_VERSION "1.8"
| #define PACKAGE_STRING "GNU APL 1.8"
| #define PACKAGE_BUGREPORT "bug-apl@gnu.org"
| #define PACKAGE_URL "http://www.gnu.org/software/apl/"
| #define STDC_HEADERS 1
| #define HAVE_SYS_TYPES_H 1
| #define HAVE_SYS_STAT_H 1
| #define HAVE_STDLIB_H 1
| #define HAVE_STRING_H 1
| #define HAVE_MEMORY_H 1
| #define HAVE_STRINGS_H 1
| #define HAVE_INTTYPES_H 1
| #define HAVE_STDINT_H 1
| #define HAVE_UNISTD_H 1
| #define __EXTENSIONS__ 1
| #define _ALL_SOURCE 1
| #define _GNU_SOURCE 1
| #define _POSIX_PTHREAD_SEMANTICS 1
| #define _TANDEM_SOURCE 1
| #define PACKAGE "apl"
| #define VERSION "1.8"
| #define HAVE_DLFCN_H 1
| #define LT_OBJDIR ".libs/"
| #define HAVE_NCURSES_H 1
| #define HAVE_TERM_H 1
| #define HAVE_EXECINFO_H 1
| #define HAVE_FCNTL_H 1
| #define HAVE_FFTW3_H 1
| #define HAVE_INTTYPES_H 1
| #define HAVE_STDINT_H 1
| #define HAVE_STDLIB_H 1
| #define HAVE_STRING_H 1
| #define HAVE_STRINGS_H 1
| #define HAVE_UNISTD_H 1
| #define HAVE_SYS_UN_H 1
| #define HAVE_EXT_ATOMICITY_H 1
| #define HAVE_XCB_XCB_H 1
| #define HAVE_X11_XLIB_H 1
| #define HAVE_X11_XLIB_XCB_H 1
| #define HAVE_X11_XUTIL_H 1
| #define HAVE_UTMPX_H 1
| #define HAVE_STDLIB_H 1
| #define HAVE_UNISTD_H 1
| #define HAVE_SYS_PARAM_H 1
| #define HAVE_GETPAGESIZE 1
| #define HAVE_MMAP 1
| #define HAVE_FLOOR 1
| #define HAVE_MEMSET 1
| #define HAVE_MUNMAP 1
| #define HAVE_POW 1
| #define HAVE_SQRT 1
| #define HAVE_STRCHR 1
| #define HAVE_STRERROR 1
| #define HAVE_LIBX11_XCB 1
| #define HAVE_LIBX11 1
| #define HAVE_LIBXCB 1
| #define HAVE_LIBTINFO 1
| #define HAVE_LIBPTHREAD 1
| #define HAVE_LIBNSL 1
| #define HAVE_LIBCURSES 1
| #define HAVE_LIBNCURSES 1
| #define HAVE_LIBM 1
| #define HAVE_LIBGTK_3 1
| #define HAVE_LIBGDK_3 1
| #define HAVE_LIBFFTW3 1
| #define HAVE_LIBDL 1
| #define HAVE_LIBCAIRO 1
| #define HAVE_LIBC 1
| /* end confdefs.h.  */
| 
| /* Override any GCC internal prototype to avoid an error.
|    Use char because int might match the return type of a GCC
|    builtin and then its argument prototype would still apply.  */
| #ifdef __cplusplus
| extern "C"
| #endif
| char __atomic_fetch_add_4 ();
| int
| main ()
| {
| return __atomic_fetch_add_4 ();
|   ;
|   return 0;
| }
configure:18841: result: no
configure:18940: checking for SQLite3 library >= 3.0.0
configure:18989: gcc -c -g -O2  -I/usr/include conftest.c >&5
configure:18989: $? = 0
configure:18991: result: yes
configure:19133: checking for pg_config
configure:19151: found /usr/bin/pg_config
configure:19163: result: /usr/bin/pg_config
configure:19179: checking for PostgreSQL libraries
configure:19192: result: yes
configure:19254: checking for PostgreSQL usability
configure:19269: g++ -c -g -O2  -I/usr/include/postgresql conftest.cpp >&5
configure:19269: $? = 0
configure:19277: result: yes
configure:19356: checking for pcre2_compile_32 in -lpcre2-32
configure:19381: g++ -o conftest -g -O2   conftest.cpp -lpcre2-32  -lc -lcairo -ldl -lfftw3 -lgdk-3 -lgtk-3 -lm -lncurses -lcurses -lnsl -lpthread -ltinfo -lxcb -lX11 -lX11-xcb  >&5
configure:19381: $? = 0
configure:19390: result: yes
configure:19488: checking whether support for GTK (needs GTK version 3) is desired
configure:19496: result: yes
configure:19498: checking if pkg-config is executable
configure:19502: result: yes
configure:19504: checking if package gtk+-3.0 is installed
configure:19508: result: yes
configure:19554: checking whether CPU has rdtsc (read CPU cycle counter) opcode
configure:19569: g++ -c -g -O2  conftest.cpp >&5
configure:19569: $? = 0
configure:19590: result: yes
configure:19600: checking whether sem_init() works
configure:19616: g++ -c -Wall -Werror  conftest.cpp >&5
configure:19616: $? = 0
configure:19638: result: yes
configure:19645: checking whether pthread_setaffinity_np is available
configure:19666: g++ -c -g -O2  conftest.cpp >&5
configure:19666: $? = 0
configure:19686: result: yes
configure:19692: checking whether pthread_setname_np is available
configure:19708: g++ -c -g -O2  conftest.cpp >&5
configure:19708: $? = 0
configure:19720: result: yes
configure:19726: checking whether OSAtomicAdd32Barrier() is available
configure:19741: g++ -c -Wall -Werror  conftest.cpp >&5
conftest.cpp:82:11: fatal error: libkern/OSAtomic.h: No such file or directory
   82 |  #include <libkern/OSAtomic.h>
      |           ^~~~~~~~~~~~~~~~~~~~
compilation terminated.
configure:19741: $? = 1
configure: failed program was:
| /* confdefs.h */
| #define PACKAGE_NAME "GNU APL"
| #define PACKAGE_TARNAME "apl"
| #define PACKAGE_VERSION "1.8"
| #define PACKAGE_STRING "GNU APL 1.8"
| #define PACKAGE_BUGREPORT "bug-apl@gnu.org"
| #define PACKAGE_URL "http://www.gnu.org/software/apl/"
| #define STDC_HEADERS 1
| #define HAVE_SYS_TYPES_H 1
| #define HAVE_SYS_STAT_H 1
| #define HAVE_STDLIB_H 1
| #define HAVE_STRING_H 1
| #define HAVE_MEMORY_H 1
| #define HAVE_STRINGS_H 1
| #define HAVE_INTTYPES_H 1
| #define HAVE_STDINT_H 1
| #define HAVE_UNISTD_H 1
| #define __EXTENSIONS__ 1
| #define _ALL_SOURCE 1
| #define _GNU_SOURCE 1
| #define _POSIX_PTHREAD_SEMANTICS 1
| #define _TANDEM_SOURCE 1
| #define PACKAGE "apl"
| #define VERSION "1.8"
| #define HAVE_DLFCN_H 1
| #define LT_OBJDIR ".libs/"
| #define HAVE_NCURSES_H 1
| #define HAVE_TERM_H 1
| #define HAVE_EXECINFO_H 1
| #define HAVE_FCNTL_H 1
| #define HAVE_FFTW3_H 1
| #define HAVE_INTTYPES_H 1
| #define HAVE_STDINT_H 1
| #define HAVE_STDLIB_H 1
| #define HAVE_STRING_H 1
| #define HAVE_STRINGS_H 1
| #define HAVE_UNISTD_H 1
| #define HAVE_SYS_UN_H 1
| #define HAVE_EXT_ATOMICITY_H 1
| #define HAVE_XCB_XCB_H 1
| #define HAVE_X11_XLIB_H 1
| #define HAVE_X11_XLIB_XCB_H 1
| #define HAVE_X11_XUTIL_H 1
| #define HAVE_UTMPX_H 1
| #define HAVE_STDLIB_H 1
| #define HAVE_UNISTD_H 1
| #define HAVE_SYS_PARAM_H 1
| #define HAVE_GETPAGESIZE 1
| #define HAVE_MMAP 1
| #define HAVE_FLOOR 1
| #define HAVE_MEMSET 1
| #define HAVE_MUNMAP 1
| #define HAVE_POW 1
| #define HAVE_SQRT 1
| #define HAVE_STRCHR 1
| #define HAVE_STRERROR 1
| #define HAVE_LIBX11_XCB 1
| #define HAVE_LIBX11 1
| #define HAVE_LIBXCB 1
| #define HAVE_LIBTINFO 1
| #define HAVE_LIBPTHREAD 1
| #define HAVE_LIBNSL 1
| #define HAVE_LIBCURSES 1
| #define HAVE_LIBNCURSES 1
| #define HAVE_LIBM 1
| #define HAVE_LIBGTK_3 1
| #define HAVE_LIBGDK_3 1
| #define HAVE_LIBFFTW3 1
| #define HAVE_LIBDL 1
| #define HAVE_LIBCAIRO 1
| #define HAVE_LIBC 1
| #define HAVE_SQLITE3 /**/
| #define HAVE_POSTGRESQL 1
| #define USABLE_PostgreSQL 1
| #define HAVE_LIBPCRE2_32 1
| #define HAVE_GTK3 1
| #define HAVE_RDTSC 1
| #define HAVE_SEM_INIT 1
| #define HAVE_AFFINITY_NP 1
| #define HAVE_PTHREAD_SETNAME_NP 1
| /* end confdefs.h.  */
|  #include <libkern/OSAtomic.h>
| int
| main ()
| {
|  OSAtomicAdd32Barrier(0, 0);
|   ;
|   return 0;
| }
configure:19754: result: no
configure:19760: checking whether atomic_add_32_nv() is available
configure:19775: g++ -c -g -O2  conftest.cpp >&5
conftest.cpp:82:11: fatal error: atomic.h: No such file or directory
   82 |  #include <atomic.h>
      |           ^~~~~~~~~~
compilation terminated.
configure:19775: $? = 1
configure: failed program was:
| /* confdefs.h */
| #define PACKAGE_NAME "GNU APL"
| #define PACKAGE_TARNAME "apl"
| #define PACKAGE_VERSION "1.8"
| #define PACKAGE_STRING "GNU APL 1.8"
| #define PACKAGE_BUGREPORT "bug-apl@gnu.org"
| #define PACKAGE_URL "http://www.gnu.org/software/apl/"
| #define STDC_HEADERS 1
| #define HAVE_SYS_TYPES_H 1
| #define HAVE_SYS_STAT_H 1
| #define HAVE_STDLIB_H 1
| #define HAVE_STRING_H 1
| #define HAVE_MEMORY_H 1
| #define HAVE_STRINGS_H 1
| #define HAVE_INTTYPES_H 1
| #define HAVE_STDINT_H 1
| #define HAVE_UNISTD_H 1
| #define __EXTENSIONS__ 1
| #define _ALL_SOURCE 1
| #define _GNU_SOURCE 1
| #define _POSIX_PTHREAD_SEMANTICS 1
| #define _TANDEM_SOURCE 1
| #define PACKAGE "apl"
| #define VERSION "1.8"
| #define HAVE_DLFCN_H 1
| #define LT_OBJDIR ".libs/"
| #define HAVE_NCURSES_H 1
| #define HAVE_TERM_H 1
| #define HAVE_EXECINFO_H 1
| #define HAVE_FCNTL_H 1
| #define HAVE_FFTW3_H 1
| #define HAVE_INTTYPES_H 1
| #define HAVE_STDINT_H 1
| #define HAVE_STDLIB_H 1
| #define HAVE_STRING_H 1
| #define HAVE_STRINGS_H 1
| #define HAVE_UNISTD_H 1
| #define HAVE_SYS_UN_H 1
| #define HAVE_EXT_ATOMICITY_H 1
| #define HAVE_XCB_XCB_H 1
| #define HAVE_X11_XLIB_H 1
| #define HAVE_X11_XLIB_XCB_H 1
| #define HAVE_X11_XUTIL_H 1
| #define HAVE_UTMPX_H 1
| #define HAVE_STDLIB_H 1
| #define HAVE_UNISTD_H 1
| #define HAVE_SYS_PARAM_H 1
| #define HAVE_GETPAGESIZE 1
| #define HAVE_MMAP 1
| #define HAVE_FLOOR 1
| #define HAVE_MEMSET 1
| #define HAVE_MUNMAP 1
| #define HAVE_POW 1
| #define HAVE_SQRT 1
| #define HAVE_STRCHR 1
| #define HAVE_STRERROR 1
| #define HAVE_LIBX11_XCB 1
| #define HAVE_LIBX11 1
| #define HAVE_LIBXCB 1
| #define HAVE_LIBTINFO 1
| #define HAVE_LIBPTHREAD 1
| #define HAVE_LIBNSL 1
| #define HAVE_LIBCURSES 1
| #define HAVE_LIBNCURSES 1
| #define HAVE_LIBM 1
| #define HAVE_LIBGTK_3 1
| #define HAVE_LIBGDK_3 1
| #define HAVE_LIBFFTW3 1
| #define HAVE_LIBDL 1
| #define HAVE_LIBCAIRO 1
| #define HAVE_LIBC 1
| #define HAVE_SQLITE3 /**/
| #define HAVE_POSTGRESQL 1
| #define USABLE_PostgreSQL 1
| #define HAVE_LIBPCRE2_32 1
| #define HAVE_GTK3 1
| #define HAVE_RDTSC 1
| #define HAVE_SEM_INIT 1
| #define HAVE_AFFINITY_NP 1
| #define HAVE_PTHREAD_SETNAME_NP 1
| /* end confdefs.h.  */
|  #include <atomic.h>
| int
| main ()
| {
|  atomic_add_32_nv(0, 0);
|                        atomic_add_32   (0, 0);
| 
|   ;
|   return 0;
| }
configure:19787: result: no
configure:19797: checking if we are compiling for Android
configure:19820: result: no
configure:19826: checking if we want to build an erlang interface (implies libapl.so)
configure:19850: result: no
configure:19855: checking if we want to build libapl.so
configure:19879: result: no
configure:19884: checking if we want to build libpython_apl.so
configure:19914: result: no
configure:19965: checking whether internal performance counters shall be enabled)
configure:19976: result: yes
configure:19981: checking whether to remember the history of APL values (debug feature)
configure:19992: result: yes
configure:19997: checking whether gprof profiling shall be enabled
configure:20006: result: no
configure:20011: checking whether gcov coverage testing shall be enabled
configure:20020: result: no
configure:20032: checking whether dynamic logging shall be enabled
configure:20043: result: yes
configure:20048: checking whether value flags shall be traced
configure:20059: result: no
configure:20064: checking how picky internal tests shall be
configure:20073: result: 2
configure:20077: checking security level (0=none, 1=configured in preferences, 2=all)
configure:20086: result: 0
configure:20090: checking how many CPU cores shall be used by APL (experimental!)
configure:20105: result: 0
configure:20109: checking which type of socket APserver shall use
configure:20121: result: 0
configure:20125: checking which port number APserver shall use for TCP or UDP sockets
configure:20134: result: 16366
configure:20138: checking which unix port name APserver shall use
configure:20147: result: /tmp/GNU-APL/APserver
configure:20151: checking how long a short APL value shall be at most
configure:20160: result: 12
configure:20165: checking whether visible markers shall be used
configure:20176: result: no
configure:20180: checking whether support for rational numbers is desired 
configure:20191: result: no
configure:20195: checking whether we compile for an i686 CPU
configure:20209: result: no
configure:20349: checking that generated files are newer than configure
configure:20355: result: done
configure:20442: creating ./config.status

## ---------------------- ##
## Running config.status. ##
## ---------------------- ##

This file was extended by GNU APL config.status 1.8, which was
generated by GNU Autoconf 2.69.  Invocation command line was

  CONFIG_FILES    = 
  CONFIG_HEADERS  = 
  CONFIG_LINKS    = 
  CONFIG_COMMANDS = 
  $ ./config.status 

on server68

config.status:1326: creating Makefile
config.status:1326: creating build/Makefile
config.status:1326: creating debian/Makefile
config.status:1326: creating debian/source/Makefile
config.status:1326: creating doc/Makefile
config.status:1326: creating erlang/Makefile
config.status:1326: creating erlang/apl.erl
config.status:1326: creating gnu-apl.d/Makefile
config.status:1326: creating gnu-apl.d/preferences
config.status:1326: creating HOWTOs/Makefile
config.status:1326: creating rpm/Makefile
config.status:1326: creating rpm/apl.spec
config.status:1326: creating src/Makefile
config.status:1326: creating src/APs/Makefile
config.status:1326: creating src/Gtk/Makefile
config.status:1326: creating src/emacs_mode/Makefile
config.status:1326: creating src/native/Makefile
config.status:1326: creating src/sql/Makefile
config.status:1326: creating src/testcases/Makefile
config.status:1326: creating src/workspaces/Makefile
config.status:1326: creating support-files/Makefile
config.status:1326: creating support-files/105-key-International-Keyboard/Makefile
config.status:1326: creating support-files/Bill_Daly_Ubuntu/Makefile
config.status:1326: creating support-files/Dirk/Makefile
config.status:1326: creating support-files/Dyalog-Keyboard/Makefile
config.status:1326: creating support-files/Juergen-Mint-19/Makefile
config.status:1326: creating support-files/old-Keyboard/Makefile
config.status:1326: creating support-files/OS-X-Keyboard/Makefile
config.status:1326: creating support-files/Unicomp-Keyboard/Makefile
config.status:1326: creating support-files/WASD-Keyboard/Makefile
config.status:1326: creating tools/Makefile
config.status:1326: creating websock/Makefile
config.status:1326: creating websock/client/Makefile
config.status:1326: creating websock/server/Makefile
config.status:1326: creating workspaces/Makefile
config.status:1326: creating wslib3/Makefile
config.status:1326: creating wslib4/Makefile
config.status:1326: creating wslib5/Makefile
config.status:1326: creating wslib5/APLComponentFiles/Makefile
config.status:1326: creating wslib5/iso-apl-cf/Makefile
config.status:1326: creating config.h
config.status:1555: executing depfiles commands
config.status:1555: executing libtool commands

## ---------------- ##
## Cache variables. ##
## ---------------- ##

ac_cv_build=x86_64-unknown-linux-gnu
ac_cv_c_compiler_gnu=yes
ac_cv_c_inline=inline
ac_cv_c_int32_t=yes
ac_cv_c_int64_t=yes
ac_cv_c_uint32_t=yes
ac_cv_c_uint64_t=yes
ac_cv_c_uint8_t=yes
ac_cv_cxx_compiler_gnu=yes
ac_cv_env_APSERVER_PATH_set=
ac_cv_env_APSERVER_PATH_value=
ac_cv_env_APSERVER_PORT_set=
ac_cv_env_APSERVER_PORT_value=
ac_cv_env_APSERVER_TRANSPORT_set=
ac_cv_env_APSERVER_TRANSPORT_value=
ac_cv_env_ASSERT_LEVEL_WANTED_set=
ac_cv_env_ASSERT_LEVEL_WANTED_value=
ac_cv_env_CCC_set=
ac_cv_env_CCC_value=
ac_cv_env_CC_set=
ac_cv_env_CC_value=
ac_cv_env_CFLAGS_set=
ac_cv_env_CFLAGS_value=
ac_cv_env_CORE_COUNT_WANTED_set=
ac_cv_env_CORE_COUNT_WANTED_value=
ac_cv_env_CPPFLAGS_set=
ac_cv_env_CPPFLAGS_value=
ac_cv_env_CPP_set=
ac_cv_env_CPP_value=
ac_cv_env_CXXCPP_set=
ac_cv_env_CXXCPP_value=
ac_cv_env_CXXFLAGS_set=
ac_cv_env_CXXFLAGS_value=
ac_cv_env_CXX_WERROR_set=
ac_cv_env_CXX_WERROR_value=
ac_cv_env_CXX_set=
ac_cv_env_CXX_value=
ac_cv_env_DEVELOP_WANTED_set=set
ac_cv_env_DEVELOP_WANTED_value=yes
ac_cv_env_DYNAMIC_LOG_WANTED_set=
ac_cv_env_DYNAMIC_LOG_WANTED_value=
ac_cv_env_GCOV_WANTED_set=
ac_cv_env_GCOV_WANTED_value=
ac_cv_env_GPROF_WANTED_set=
ac_cv_env_GPROF_WANTED_value=
ac_cv_env_LDFLAGS_set=
ac_cv_env_LDFLAGS_value=
ac_cv_env_LIBS_set=
ac_cv_env_LIBS_value=
ac_cv_env_LT_SYS_LIBRARY_PATH_set=
ac_cv_env_LT_SYS_LIBRARY_PATH_value=
ac_cv_env_MAX_RANK_WANTED_set=
ac_cv_env_MAX_RANK_WANTED_value=
ac_cv_env_PERFORMANCE_COUNTERS_WANTED_set=
ac_cv_env_PERFORMANCE_COUNTERS_WANTED_value=
ac_cv_env_RATIONAL_NUMBERS_WANTED_set=
ac_cv_env_RATIONAL_NUMBERS_WANTED_value=
ac_cv_env_SECURITY_LEVEL_WANTED_set=
ac_cv_env_SECURITY_LEVEL_WANTED_value=
ac_cv_env_SHORT_VALUE_LENGTH_WANTED_set=
ac_cv_env_SHORT_VALUE_LENGTH_WANTED_value=
ac_cv_env_VALUE_CHECK_WANTED_set=
ac_cv_env_VALUE_CHECK_WANTED_value=
ac_cv_env_VALUE_HISTORY_WANTED_set=
ac_cv_env_VALUE_HISTORY_WANTED_value=
ac_cv_env_VF_TRACING_WANTED_set=
ac_cv_env_VF_TRACING_WANTED_value=
ac_cv_env_VISIBLE_MARKERS_WANTED_set=
ac_cv_env_VISIBLE_MARKERS_WANTED_value=
ac_cv_env_build_alias_set=
ac_cv_env_build_alias_value=
ac_cv_env_host_alias_set=
ac_cv_env_host_alias_value=
ac_cv_env_target_alias_set=
ac_cv_env_target_alias_value=
ac_cv_func_dlopen=no
ac_cv_func_floor=yes
ac_cv_func_getpagesize=yes
ac_cv_func_memset=yes
ac_cv_func_mmap_fixed_mapped=yes
ac_cv_func_munmap=yes
ac_cv_func_pow=yes
ac_cv_func_shl_load=no
ac_cv_func_sqrt=yes
ac_cv_func_strchr=yes
ac_cv_func_strerror=yes
ac_cv_header_X11_Xlib_h=yes
ac_cv_header_X11_Xlib_xcb_h=yes
ac_cv_header_X11_Xutil_h=yes
ac_cv_header_dlfcn_h=yes
ac_cv_header_execinfo_h=yes
ac_cv_header_ext_atomicity_h=yes
ac_cv_header_fcntl_h=yes
ac_cv_header_fftw3_h=yes
ac_cv_header_inttypes_h=yes
ac_cv_header_memory_h=yes
ac_cv_header_minix_config_h=no
ac_cv_header_ncurses_h=yes
ac_cv_header_stdbool_h=no
ac_cv_header_stdc=yes
ac_cv_header_stdint_h=yes
ac_cv_header_stdlib_h=yes
ac_cv_header_string_h=yes
ac_cv_header_strings_h=yes
ac_cv_header_sys_param_h=yes
ac_cv_header_sys_stat_h=yes
ac_cv_header_sys_types_h=yes
ac_cv_header_sys_un_h=yes
ac_cv_header_term_h=yes
ac_cv_header_unistd_h=yes
ac_cv_header_utmpx_h=yes
ac_cv_header_xcb_xcb_h=yes
ac_cv_header_xcb_xproto_h=yes
ac_cv_host=x86_64-unknown-linux-gnu
ac_cv_lib_X11_XOpenDisplay=yes
ac_cv_lib_X11_xcb_XGetXCBConnection=yes
ac_cv_lib_atomicity___atomic_fetch_add_4=no
ac_cv_lib_c_initstate_r=yes
ac_cv_lib_cairo_cairo_fill=yes
ac_cv_lib_curses_setupterm=yes
ac_cv_lib_dl_dlopen=yes
ac_cv_lib_dld_shl_load=no
ac_cv_lib_error_at_line=yes
ac_cv_lib_execinfo_backtrace=no
ac_cv_lib_fftw3_fftw_plan_dft=yes
ac_cv_lib_gdk_3_gdk_init=yes
ac_cv_lib_gtk_3_gtk_init=yes
ac_cv_lib_m_acosh=yes
ac_cv_lib_ncurses_setupterm=yes
ac_cv_lib_nsl_yp_all=yes
ac_cv_lib_pcre2_32_pcre2_compile_32=yes
ac_cv_lib_pthread_sem_init=yes
ac_cv_lib_socket_socket=no
ac_cv_lib_tinfo_tparm=yes
ac_cv_lib_xcb_xcb_connect=yes
ac_cv_objext=o
ac_cv_path_EGREP='/bin/grep -E'
ac_cv_path_FGREP='/bin/grep -F'
ac_cv_path_GREP=/bin/grep
ac_cv_path_PG_CONFIG=/usr/bin/pg_config
ac_cv_path_SED=/bin/sed
ac_cv_path_install='/usr/bin/install -c'
ac_cv_path_lt_DD=/bin/dd
ac_cv_path_mkdir=/bin/mkdir
ac_cv_prog_AWK=gawk
ac_cv_prog_CPP='gcc -E'
ac_cv_prog_CXXCPP='g++ -E'
ac_cv_prog_ac_ct_AR=ar
ac_cv_prog_ac_ct_CC=gcc
ac_cv_prog_ac_ct_CXX=g++
ac_cv_prog_ac_ct_MANIFEST_TOOL=mt
ac_cv_prog_ac_ct_OBJDUMP=objdump
ac_cv_prog_ac_ct_RANLIB=ranlib
ac_cv_prog_ac_ct_STRIP=strip
ac_cv_prog_cc_c89=
ac_cv_prog_cc_g=yes
ac_cv_prog_cxx_g=yes
ac_cv_prog_make_make_set=yes
ac_cv_safe_to_define___extensions__=yes
ac_cv_type__Bool=no
ac_cv_type_off_t=yes
ac_cv_type_size_t=yes
am_cv_CC_dependencies_compiler_type=gcc3
am_cv_CXX_dependencies_compiler_type=gcc3
am_cv_make_support_nested_variables=yes
am_cv_prog_cc_c_o=yes
lt_cv_ar_at_file=@
lt_cv_archive_cmds_need_lc=no
lt_cv_deplibs_check_method=pass_all
lt_cv_dlopen=dlopen
lt_cv_dlopen_libs=-ldl
lt_cv_dlopen_self=yes
lt_cv_dlopen_self_static=no
lt_cv_file_magic_cmd='$MAGIC_CMD'
lt_cv_file_magic_test_file=
lt_cv_ld_reload_flag=-r
lt_cv_nm_interface='BSD nm'
lt_cv_objdir=.libs
lt_cv_path_LD=/usr/bin/ld
lt_cv_path_LDCXX='/usr/bin/ld -m elf_x86_64'
lt_cv_path_NM='/usr/bin/nm -B'
lt_cv_path_mainfest_tool=no
lt_cv_prog_compiler_c_o=yes
lt_cv_prog_compiler_c_o_CXX=yes
lt_cv_prog_compiler_pic='-fPIC -DPIC'
lt_cv_prog_compiler_pic_CXX='-fPIC -DPIC'
lt_cv_prog_compiler_pic_works=yes
lt_cv_prog_compiler_pic_works_CXX=yes
lt_cv_prog_compiler_rtti_exceptions=no
lt_cv_prog_compiler_static_works=yes
lt_cv_prog_compiler_static_works_CXX=yes
lt_cv_prog_gnu_ld=yes
lt_cv_prog_gnu_ldcxx=yes
lt_cv_sharedlib_from_linklib_cmd='printf %s\n'
lt_cv_shlibpath_overrides_runpath=yes
lt_cv_sys_global_symbol_pipe='sed -n -e '\''s/^.*[	 ]\([ABCDGIRSTW][ABCDGIRSTW]*\)[	 ][	 ]*\([_A-Za-z][_A-Za-z0-9]*\)$/\1 \2 \2/p'\'' | sed '\''/ __gnu_lto/d'\'''
lt_cv_sys_global_symbol_to_c_name_address='sed -n -e '\''s/^: \(.*\) .*$/  {"\1", (void *) 0},/p'\'' -e '\''s/^[ABCDGIRSTW][ABCDGIRSTW]* .* \(.*\)$/  {"\1", (void *) \&\1},/p'\'''
lt_cv_sys_global_symbol_to_c_name_address_lib_prefix='sed -n -e '\''s/^: \(.*\) .*$/  {"\1", (void *) 0},/p'\'' -e '\''s/^[ABCDGIRSTW][ABCDGIRSTW]* .* \(lib.*\)$/  {"\1", (void *) \&\1},/p'\'' -e '\''s/^[ABCDGIRSTW][ABCDGIRSTW]* .* \(.*\)$/  {"lib\1", (void *) \&\1},/p'\'''
lt_cv_sys_global_symbol_to_cdecl='sed -n -e '\''s/^T .* \(.*\)$/extern int \1();/p'\'' -e '\''s/^[ABCDGIRSTW][ABCDGIRSTW]* .* \(.*\)$/extern char \1;/p'\'''
lt_cv_sys_global_symbol_to_import=
lt_cv_sys_max_cmd_len=1572864
lt_cv_to_host_file_cmd=func_convert_file_noop
lt_cv_to_tool_file_cmd=func_convert_file_noop
lt_cv_truncate_bin='/bin/dd bs=4096 count=1'

## ----------------- ##
## Output variables. ##
## ----------------- ##

ACLOCAL='${SHELL} /home/eedjsa/savannah-repo-apl/trunk/missing aclocal-1.15'
AMDEPBACKSLASH='\'
AMDEP_FALSE='#'
AMDEP_TRUE=''
AMTAR='$${TAR-tar}'
AM_BACKSLASH='\'
AM_DEFAULT_V='$(AM_DEFAULT_VERBOSITY)'
AM_DEFAULT_VERBOSITY='1'
AM_V='$(V)'
APSERVER_PATH='/tmp/GNU-APL/APserver'
APSERVER_PORT='16366'
APSERVER_TRANSPORT='0'
AR='ar'
ASSERT_LEVEL_WANTED='2'
AUTOCONF='${SHELL} /home/eedjsa/savannah-repo-apl/trunk/missing autoconf'
AUTOHEADER='${SHELL} /home/eedjsa/savannah-repo-apl/trunk/missing autoheader'
AUTOMAKE='${SHELL} /home/eedjsa/savannah-repo-apl/trunk/missing automake-1.15'
AWK='gawk'
CC='gcc'
CCDEPMODE='depmode=gcc3'
CFLAGS='-g -O2'
CORE_COUNT_WANTED='0'
CPP='gcc -E'
CPPFLAGS=''
CXX='g++'
CXXCPP='g++ -E'
CXXDEPMODE='depmode=gcc3'
CXXFLAGS='-g -O2'
CXX_WERROR=''
CYGPATH_W='echo'
DEFS='-DHAVE_CONFIG_H'
DEPDIR='.deps'
DEVELOP_FALSE='#'
DEVELOP_TRUE=''
DEVELOP_WANTED='yes'
DLLTOOL='false'
DSYMUTIL=''
DUMPBIN=''
DYNAMIC_LOG_WANTED='yes'
ECHO_C=''
ECHO_N='-n'
ECHO_T=''
EGREP='/bin/grep -E'
EXEEXT=''
FGREP='/bin/grep -F'
GCOV_WANTED=''
GPROF_WANTED=''
GREP='/bin/grep'
GTK_CFLAGS='-pthread -I/usr/include/gtk-3.0 -I/usr/include/at-spi2-atk/2.0 -I/usr/include/at-spi-2.0 -I/usr/include/dbus-1.0 -I/usr/lib/x86_64-linux-gnu/dbus-1.0/include -I/usr/include/gtk-3.0 -I/usr/include/gio-unix-2.0/ -I/usr/include/cairo -I/usr/include/pango-1.0 -I/usr/include/harfbuzz -I/usr/include/pango-1.0 -I/usr/include/atk-1.0 -I/usr/include/cairo -I/usr/include/pixman-1 -I/usr/include/freetype2 -I/usr/include/libpng16 -I/usr/include/freetype2 -I/usr/include/libpng16 -I/usr/include/gdk-pixbuf-2.0 -I/usr/include/libpng16 -I/usr/include/glib-2.0 -I/usr/lib/x86_64-linux-gnu/glib-2.0/include'
GTK_LDFLAGS='-lgtk-3 -lgdk-3 -lpangocairo-1.0 -lpango-1.0 -latk-1.0 -lcairo-gobject -lcairo -lgdk_pixbuf-2.0 -lgio-2.0 -lgobject-2.0 -lglib-2.0'
HAVE_AFFINITY_NP_FALSE='#'
HAVE_AFFINITY_NP_TRUE=''
HAVE_GTK3_FALSE='#'
HAVE_GTK3_TRUE=''
HAVE_LIBPCRE2_32_FALSE='#'
HAVE_LIBPCRE2_32_TRUE=''
HAVE_RDTSC_FALSE='#'
HAVE_RDTSC_TRUE=''
HAVE_SEM_INIT_FALSE='#'
HAVE_SEM_INIT_TRUE=''
INSTALL_DATA='${INSTALL} -m 644'
INSTALL_PROGRAM='${INSTALL}'
INSTALL_SCRIPT='${INSTALL}'
INSTALL_STRIP_PROGRAM='$(install_sh) -c -s'
LD='/usr/bin/ld -m elf_x86_64'
LDFLAGS=''
LIBOBJS=''
LIBS='-lpcre2-32 -lc -lcairo -ldl -lfftw3 -lgdk-3 -lgtk-3 -lm -lncurses -lcurses -lnsl -lpthread -ltinfo -lxcb -lX11 -lX11-xcb '
LIBTOOL='$(SHELL) $(top_builddir)/libtool'
LIPO=''
LN_S='ln -s'
LTLIBOBJS=''
LT_SYS_LIBRARY_PATH=''
MAINT=''
MAINTAINER_MODE_FALSE='#'
MAINTAINER_MODE_TRUE=''
MAKEINFO='${SHELL} /home/eedjsa/savannah-repo-apl/trunk/missing makeinfo'
MANIFEST_TOOL=':'
MAX_RANK_WANTED='8'
MKDIR_P='/bin/mkdir -p'
NM='/usr/bin/nm -B'
NMEDIT=''
OBJDUMP='objdump'
OBJEXT='o'
ON_i686_FALSE=''
ON_i686_TRUE='#'
OTOOL64=''
OTOOL=''
PACKAGE='apl'
PACKAGE_BUGREPORT='bug-apl@gnu.org'
PACKAGE_NAME='dummy'
PACKAGE_STRING='GNU APL 1.8'
PACKAGE_TARNAME='apl'
PACKAGE_URL='http://www.gnu.org/software/apl/'
PACKAGE_VERSION='pg_config'
PATH_SEPARATOR=':'
PCRE_CFLAGS=''
PCRE_LIBS='-lpcre2-32'
PERFORMANCE_COUNTERS_WANTED='yes'
PG_CONFIG='/usr/bin/pg_config'
POSTGRESQL_CFLAGS='-I/usr/include/postgresql'
POSTGRESQL_LDFLAGS='-L/usr/lib/x86_64-linux-gnu -lpq'
POSTGRESQL_VERSION='10.14 (Ubuntu 10.14-0ubuntu0.18.04.1)'
POSTGRES_FALSE='#'
POSTGRES_TRUE=''
PYTHON_CFLAGS=''
RANLIB='ranlib'
RATIONAL_NUMBERS_WANTED='yes'
SECURITY_LEVEL_WANTED='0'
SED='/bin/sed'
SET_MAKE=''
SHELL='/bin/bash'
SHORT_VALUE_LENGTH_WANTED='12'
SQLITE3_CFLAGS='-I/usr/include'
SQLITE3_FALSE='#'
SQLITE3_LDFLAGS='-L/usr/lib -lsqlite3'
SQLITE3_TRUE=''
SQLITE3_VERSION='3.22.0'
STRIP='strip'
VALUE_CHECK_WANTED='yes'
VALUE_HISTORY_WANTED='yes'
VERSION='1.8'
VF_TRACING_WANTED='no'
VISIBLE_MARKERS_WANTED='no'
WANT_ANDROID_FALSE=''
WANT_ANDROID_TRUE='#'
WANT_ERLANG_FALSE=''
WANT_ERLANG_TRUE='#'
WANT_LIBAPL_FALSE=''
WANT_LIBAPL_TRUE='#'
WANT_PYTHON_FALSE=''
WANT_PYTHON_TRUE='#'
ac_ct_AR='ar'
ac_ct_CC='gcc'
ac_ct_CXX='g++'
ac_ct_DUMPBIN=''
am__EXEEXT_FALSE=''
am__EXEEXT_TRUE='#'
am__fastdepCC_FALSE='#'
am__fastdepCC_TRUE=''
am__fastdepCXX_FALSE='#'
am__fastdepCXX_TRUE=''
am__include='include'
am__isrc=''
am__leading_dot='.'
am__nodep='_no'
am__quote=''
am__tar='$${TAR-tar} chof - "$$tardir"'
am__untar='$${TAR-tar} xf -'
bindir='${exec_prefix}/bin'
build='x86_64-unknown-linux-gnu'
build_alias=''
build_cpu='x86_64'
build_os='linux-gnu'
build_vendor='unknown'
datadir='${datarootdir}'
datarootdir='${prefix}/share'
docdir='${datarootdir}/doc/${PACKAGE_TARNAME}'
dvidir='${docdir}'
exec_prefix='${prefix}'
host='x86_64-unknown-linux-gnu'
host_alias=''
host_cpu='x86_64'
host_os='linux-gnu'
host_vendor='unknown'
htmldir='${docdir}'
includedir='${prefix}/include'
infodir='${datarootdir}/info'
install_sh='${SHELL} /home/eedjsa/savannah-repo-apl/trunk/install-sh'
libdir='${exec_prefix}/lib'
libexecdir='${exec_prefix}/libexec'
localedir='${datarootdir}/locale'
localstatedir='${prefix}/var'
mandir='${datarootdir}/man'
mkdir_p='$(MKDIR_P)'
oldincludedir='/usr/include'
pdfdir='${docdir}'
prefix='/usr/local'
program_transform_name='s,x,x,'
psdir='${docdir}'
runstatedir='${localstatedir}/run'
sbindir='${exec_prefix}/sbin'
sharedstatedir='${prefix}/com'
sysconfdir='${prefix}/etc'
target_alias=''

## ----------- ##
## confdefs.h. ##
## ----------- ##

/* confdefs.h */
#define PACKAGE_NAME "GNU APL"
#define PACKAGE_TARNAME "apl"
#define PACKAGE_VERSION "1.8"
#define PACKAGE_STRING "GNU APL 1.8"
#define PACKAGE_BUGREPORT "bug-apl@gnu.org"
#define PACKAGE_URL "http://www.gnu.org/software/apl/"
#define STDC_HEADERS 1
#define HAVE_SYS_TYPES_H 1
#define HAVE_SYS_STAT_H 1
#define HAVE_STDLIB_H 1
#define HAVE_STRING_H 1
#define HAVE_MEMORY_H 1
#define HAVE_STRINGS_H 1
#define HAVE_INTTYPES_H 1
#define HAVE_STDINT_H 1
#define HAVE_UNISTD_H 1
#define __EXTENSIONS__ 1
#define _ALL_SOURCE 1
#define _GNU_SOURCE 1
#define _POSIX_PTHREAD_SEMANTICS 1
#define _TANDEM_SOURCE 1
#define PACKAGE "apl"
#define VERSION "1.8"
#define HAVE_DLFCN_H 1
#define LT_OBJDIR ".libs/"
#define HAVE_NCURSES_H 1
#define HAVE_TERM_H 1
#define HAVE_EXECINFO_H 1
#define HAVE_FCNTL_H 1
#define HAVE_FFTW3_H 1
#define HAVE_INTTYPES_H 1
#define HAVE_STDINT_H 1
#define HAVE_STDLIB_H 1
#define HAVE_STRING_H 1
#define HAVE_STRINGS_H 1
#define HAVE_UNISTD_H 1
#define HAVE_SYS_UN_H 1
#define HAVE_EXT_ATOMICITY_H 1
#define HAVE_XCB_XCB_H 1
#define HAVE_X11_XLIB_H 1
#define HAVE_X11_XLIB_XCB_H 1
#define HAVE_X11_XUTIL_H 1
#define HAVE_UTMPX_H 1
#define HAVE_STDLIB_H 1
#define HAVE_UNISTD_H 1
#define HAVE_SYS_PARAM_H 1
#define HAVE_GETPAGESIZE 1
#define HAVE_MMAP 1
#define HAVE_FLOOR 1
#define HAVE_MEMSET 1
#define HAVE_MUNMAP 1
#define HAVE_POW 1
#define HAVE_SQRT 1
#define HAVE_STRCHR 1
#define HAVE_STRERROR 1
#define HAVE_LIBX11_XCB 1
#define HAVE_LIBX11 1
#define HAVE_LIBXCB 1
#define HAVE_LIBTINFO 1
#define HAVE_LIBPTHREAD 1
#define HAVE_LIBNSL 1
#define HAVE_LIBCURSES 1
#define HAVE_LIBNCURSES 1
#define HAVE_LIBM 1
#define HAVE_LIBGTK_3 1
#define HAVE_LIBGDK_3 1
#define HAVE_LIBFFTW3 1
#define HAVE_LIBDL 1
#define HAVE_LIBCAIRO 1
#define HAVE_LIBC 1
#define HAVE_SQLITE3 /**/
#define HAVE_POSTGRESQL 1
#define USABLE_PostgreSQL 1
#define HAVE_LIBPCRE2_32 1
#define HAVE_GTK3 1
#define HAVE_RDTSC 1
#define HAVE_SEM_INIT 1
#define HAVE_AFFINITY_NP 1
#define HAVE_PTHREAD_SETNAME_NP 1
#define DEVELOP_WANTED yes
#define MAX_RANK_WANTED 8
#define VALUE_CHECK_WANTED yes
#define PERFORMANCE_COUNTERS_WANTED yes
#define VALUE_HISTORY_WANTED yes
#define GPROF_WANTED -pg
#define DYNAMIC_LOG_WANTED yes
#define ASSERT_LEVEL_WANTED 2
#define SECURITY_LEVEL_WANTED 0
#define CORE_COUNT_WANTED 0
#define APSERVER_TRANSPORT 0
#define APSERVER_PORT 16366
#define APSERVER_PATH "/tmp/GNU-APL/APserver"
#define SHORT_VALUE_LENGTH_WANTED 12
#define RATIONAL_NUMBERS_WANTED yes

configure: exit 0
